\BOOKMARK [0][-]{part.1}{\376\377\000I\000\040\004\042\004\065\004\076\004\100\004\070\004\117\000\040\004\062\004\065\004\100\004\076\004\117\004\102\004\075\004\076\004\101\004\102\004\070}{}% 1
\BOOKMARK [1][-]{section.1}{\376\377\004\022\004\065\004\100\004\076\004\117\004\102\004\075\004\076\004\101\004\102\004\075\004\076\004\065\000\040\004\077\004\100\004\076\004\101\004\102\004\100\004\060\004\075\004\101\004\102\004\062\004\076}{part.1}% 2
\BOOKMARK [1][-]{section.2}{\376\377\004\043\004\101\004\073\004\076\004\062\004\075\004\060\004\117\000\040\004\062\004\065\004\100\004\076\004\117\004\102\004\075\004\076\004\101\004\102\004\114\000.\000\040\004\035\004\065\004\067\004\060\004\062\004\070\004\101\004\070\004\074\004\076\004\101\004\102\004\114\000\040\004\101\004\076\004\061\004\113\004\102\004\070\004\071}{part.1}% 3
\BOOKMARK [1][-]{section.3}{\376\377\004\044\004\076\004\100\004\074\004\103\004\073\004\060\000\040\004\077\004\076\004\073\004\075\004\076\004\071\000\040\004\062\004\065\004\100\004\076\004\102\004\117\004\075\004\076\004\101\004\102\004\070\000.\000\040\004\044\004\076\004\100\004\074\004\103\004\073\004\060\000\040\004\021\004\060\004\071\004\065\004\101\004\060}{part.1}% 4
\BOOKMARK [1][-]{section.4}{\376\377\004\041\004\073\004\103\004\107\004\060\004\071\004\075\004\113\004\065\000\040\004\062\004\065\004\073\004\070\004\107\004\070\004\075\004\113}{part.1}% 5
\BOOKMARK [1][-]{section.5}{\376\377\004\037\004\076\004\075\004\117\004\102\004\070\004\065\000\040\004\074\004\065\004\100\004\113\000\040\004\070\000\040\004\070\004\075\004\102\004\065\004\063\004\100\004\060\004\073\004\060\000\040\004\033\004\065\004\061\004\065\004\063\004\060}{part.1}% 6
\BOOKMARK [1][-]{section.6}{\376\377\004\022\004\070\004\064\004\113\000\040\004\100\004\060\004\101\004\077\004\100\004\065\004\064\004\065\004\073\004\065\004\075\004\070\004\071}{part.1}% 7
\BOOKMARK [1][-]{section.7}{\376\377\004\045\004\060\004\100\004\060\004\072\004\102\004\065\004\100\004\070\004\101\004\102\004\070\004\072\004\070\000\040\004\101\004\073\004\103\004\107\004\060\004\071\004\075\004\113\004\105\000\040\004\062\004\065\004\073\004\070\004\107\004\070\004\075}{part.1}% 8
\BOOKMARK [1][-]{section.8}{\376\377\004\035\004\065\004\067\004\060\004\062\004\070\004\101\004\070\004\074\004\076\004\101\004\102\004\114\000\040\004\101\004\073\004\103\004\107\004\060\004\071\004\075\004\113\004\105\000\040\004\062\004\065\004\073\004\070\004\107\004\070\004\075}{part.1}% 9
\BOOKMARK [1][-]{section.9}{\376\377\004\022\004\065\004\100\004\076\004\117\004\102\004\075\004\076\004\101\004\102\004\075\004\113\004\065\000\040\004\075\004\065\004\100\004\060\004\062\004\065\004\075\004\101\004\102\004\062\004\060}{part.1}% 10
\BOOKMARK [1][-]{section.10}{\376\377\004\030\004\101\004\077\004\113\004\102\004\060\004\075\004\070\004\117\000\040\004\021\004\065\004\100\004\075\004\103\004\073\004\073\004\070}{part.1}% 11
\BOOKMARK [1][-]{section.11}{\376\377\004\037\004\100\004\065\004\064\004\065\004\073\004\114\004\075\004\113\004\065\000\040\004\102\004\065\004\076\004\100\004\065\004\074\004\113}{part.1}% 12
\BOOKMARK [1][-]{section.12}{\376\377\004\022\004\065\004\072\004\102\004\076\004\100\004\075\004\113\004\065\000\040\004\101\004\073\004\103\004\107\004\060\004\071\004\075\004\113\004\065\000\040\004\062\004\065\004\073\004\070\004\107\004\070\004\075\004\113}{part.1}% 13
\BOOKMARK [1][-]{section.13}{\376\377\004\045\004\060\004\100\004\060\004\072\004\102\004\065\004\100\004\070\004\101\004\102\004\070\004\107\004\065\004\101\004\072\004\070\004\065\000\040\004\104\004\103\004\075\004\072\004\106\004\070\004\070}{part.1}% 14
\BOOKMARK [1][-]{section.14}{\376\377\004\040\004\060\004\101\004\077\004\100\004\065\004\064\004\065\004\073\004\065\004\075\004\070\004\065\000\040\004\104\004\103\004\075\004\072\004\106\004\070\004\071\000\040\004\076\004\102\000\040\004\101\004\073\004\103\004\107\004\060\004\071\004\075\004\113\004\105\000\040\004\062\004\065\004\073\004\070\004\107\004\070\004\075}{part.1}% 15
\BOOKMARK [1][-]{section.15}{\376\377\004\022\004\070\004\064\004\113\000\040\004\101\004\105\004\076\004\064\004\070\004\074\004\076\004\101\004\102\004\070\000\040\004\101\004\073\004\103\004\107\004\060\004\071\004\075\004\113\004\105\000\040\004\062\004\065\004\073\004\070\004\107\004\070\004\075}{part.1}% 16
\BOOKMARK [1][-]{section.16}{\376\377\004\027\004\060\004\072\004\076\004\075\000\040\004\061\004\076\004\073\004\114\004\110\004\070\004\105\000\040\004\107\004\070\004\101\004\065\004\073}{part.1}% 17
\BOOKMARK [1][-]{section.17}{\376\377\004\046\004\065\004\075\004\102\004\100\004\060\004\073\004\114\004\075\004\060\004\117\000\040\004\077\004\100\004\065\004\064\004\065\004\073\004\114\004\075\004\060\004\117\000\040\004\102\004\065\004\076\004\100\004\065\004\074\004\060}{part.1}% 18
\BOOKMARK [0][-]{part.2}{\376\377\000I\000I\000\040\004\034\004\060\004\102\004\065\004\074\004\060\004\102\004\070\004\107\004\065\004\101\004\072\004\060\004\117\000\040\004\101\004\102\004\060\004\102\004\070\004\101\004\102\004\070\004\072\004\060}{}% 19
\BOOKMARK [1][-]{section.1}{\376\377\004\022\004\062\004\065\004\064\004\065\004\075\004\070\004\065}{part.2}% 20
