This is pdfTeX, Version 3.14159265-2.6-1.40.18 (TeX Live 2017/W32TeX) (preloaded format=pdflatex 2018.4.14)  1 AUG 2019 22:59
entering extended mode
 restricted \write18 enabled.
 %&-line parsing enabled.
**./TV&MS.tex
(./TV&MS.tex
LaTeX2e <2017-04-15>
Babel <3.18> and hyphenation patterns for 84 language(s) loaded.
(c:/texlive/2017/texmf-dist/tex/latex/base/article.cls
Document Class: article 2014/09/29 v1.4h Standard LaTeX document class
(c:/texlive/2017/texmf-dist/tex/latex/base/size12.clo
File: size12.clo 2014/09/29 v1.4h Standard LaTeX file (size option)
)
\c@part=\count79
\c@section=\count80
\c@subsection=\count81
\c@subsubsection=\count82
\c@paragraph=\count83
\c@subparagraph=\count84
\c@figure=\count85
\c@table=\count86
\abovecaptionskip=\skip41
\belowcaptionskip=\skip42
\bibindent=\dimen102
)
(c:/texlive/2017/texmf-dist/tex/latex/base/inputenc.sty
Package: inputenc 2015/03/17 v1.2c Input encoding file
\inpenc@prehook=\toks14
\inpenc@posthook=\toks15

(c:/texlive/2017/texmf-dist/tex/latex/base/utf8.def
File: utf8.def 2017/01/28 v1.1t UTF-8 support for inputenc
Now handling font encoding OML ...
... no UTF-8 mapping file for font encoding OML
Now handling font encoding T1 ...
... processing UTF-8 mapping file for font encoding T1

(c:/texlive/2017/texmf-dist/tex/latex/base/t1enc.dfu
File: t1enc.dfu 2017/01/28 v1.1t UTF-8 support for inputenc
   defining Unicode char U+00A0 (decimal 160)
   defining Unicode char U+00A1 (decimal 161)
   defining Unicode char U+00A3 (decimal 163)
   defining Unicode char U+00AB (decimal 171)
   defining Unicode char U+00AD (decimal 173)
   defining Unicode char U+00BB (decimal 187)
   defining Unicode char U+00BF (decimal 191)
   defining Unicode char U+00C0 (decimal 192)
   defining Unicode char U+00C1 (decimal 193)
   defining Unicode char U+00C2 (decimal 194)
   defining Unicode char U+00C3 (decimal 195)
   defining Unicode char U+00C4 (decimal 196)
   defining Unicode char U+00C5 (decimal 197)
   defining Unicode char U+00C6 (decimal 198)
   defining Unicode char U+00C7 (decimal 199)
   defining Unicode char U+00C8 (decimal 200)
   defining Unicode char U+00C9 (decimal 201)
   defining Unicode char U+00CA (decimal 202)
   defining Unicode char U+00CB (decimal 203)
   defining Unicode char U+00CC (decimal 204)
   defining Unicode char U+00CD (decimal 205)
   defining Unicode char U+00CE (decimal 206)
   defining Unicode char U+00CF (decimal 207)
   defining Unicode char U+00D0 (decimal 208)
   defining Unicode char U+00D1 (decimal 209)
   defining Unicode char U+00D2 (decimal 210)
   defining Unicode char U+00D3 (decimal 211)
   defining Unicode char U+00D4 (decimal 212)
   defining Unicode char U+00D5 (decimal 213)
   defining Unicode char U+00D6 (decimal 214)
   defining Unicode char U+00D8 (decimal 216)
   defining Unicode char U+00D9 (decimal 217)
   defining Unicode char U+00DA (decimal 218)
   defining Unicode char U+00DB (decimal 219)
   defining Unicode char U+00DC (decimal 220)
   defining Unicode char U+00DD (decimal 221)
   defining Unicode char U+00DE (decimal 222)
   defining Unicode char U+00DF (decimal 223)
   defining Unicode char U+00E0 (decimal 224)
   defining Unicode char U+00E1 (decimal 225)
   defining Unicode char U+00E2 (decimal 226)
   defining Unicode char U+00E3 (decimal 227)
   defining Unicode char U+00E4 (decimal 228)
   defining Unicode char U+00E5 (decimal 229)
   defining Unicode char U+00E6 (decimal 230)
   defining Unicode char U+00E7 (decimal 231)
   defining Unicode char U+00E8 (decimal 232)
   defining Unicode char U+00E9 (decimal 233)
   defining Unicode char U+00EA (decimal 234)
   defining Unicode char U+00EB (decimal 235)
   defining Unicode char U+00EC (decimal 236)
   defining Unicode char U+00ED (decimal 237)
   defining Unicode char U+00EE (decimal 238)
   defining Unicode char U+00EF (decimal 239)
   defining Unicode char U+00F0 (decimal 240)
   defining Unicode char U+00F1 (decimal 241)
   defining Unicode char U+00F2 (decimal 242)
   defining Unicode char U+00F3 (decimal 243)
   defining Unicode char U+00F4 (decimal 244)
   defining Unicode char U+00F5 (decimal 245)
   defining Unicode char U+00F6 (decimal 246)
   defining Unicode char U+00F8 (decimal 248)
   defining Unicode char U+00F9 (decimal 249)
   defining Unicode char U+00FA (decimal 250)
   defining Unicode char U+00FB (decimal 251)
   defining Unicode char U+00FC (decimal 252)
   defining Unicode char U+00FD (decimal 253)
   defining Unicode char U+00FE (decimal 254)
   defining Unicode char U+00FF (decimal 255)
   defining Unicode char U+0100 (decimal 256)
   defining Unicode char U+0101 (decimal 257)
   defining Unicode char U+0102 (decimal 258)
   defining Unicode char U+0103 (decimal 259)
   defining Unicode char U+0104 (decimal 260)
   defining Unicode char U+0105 (decimal 261)
   defining Unicode char U+0106 (decimal 262)
   defining Unicode char U+0107 (decimal 263)
   defining Unicode char U+0108 (decimal 264)
   defining Unicode char U+0109 (decimal 265)
   defining Unicode char U+010A (decimal 266)
   defining Unicode char U+010B (decimal 267)
   defining Unicode char U+010C (decimal 268)
   defining Unicode char U+010D (decimal 269)
   defining Unicode char U+010E (decimal 270)
   defining Unicode char U+010F (decimal 271)
   defining Unicode char U+0110 (decimal 272)
   defining Unicode char U+0111 (decimal 273)
   defining Unicode char U+0112 (decimal 274)
   defining Unicode char U+0113 (decimal 275)
   defining Unicode char U+0114 (decimal 276)
   defining Unicode char U+0115 (decimal 277)
   defining Unicode char U+0116 (decimal 278)
   defining Unicode char U+0117 (decimal 279)
   defining Unicode char U+0118 (decimal 280)
   defining Unicode char U+0119 (decimal 281)
   defining Unicode char U+011A (decimal 282)
   defining Unicode char U+011B (decimal 283)
   defining Unicode char U+011C (decimal 284)
   defining Unicode char U+011D (decimal 285)
   defining Unicode char U+011E (decimal 286)
   defining Unicode char U+011F (decimal 287)
   defining Unicode char U+0120 (decimal 288)
   defining Unicode char U+0121 (decimal 289)
   defining Unicode char U+0122 (decimal 290)
   defining Unicode char U+0123 (decimal 291)
   defining Unicode char U+0124 (decimal 292)
   defining Unicode char U+0125 (decimal 293)
   defining Unicode char U+0128 (decimal 296)
   defining Unicode char U+0129 (decimal 297)
   defining Unicode char U+012A (decimal 298)
   defining Unicode char U+012B (decimal 299)
   defining Unicode char U+012C (decimal 300)
   defining Unicode char U+012D (decimal 301)
   defining Unicode char U+012E (decimal 302)
   defining Unicode char U+012F (decimal 303)
   defining Unicode char U+0130 (decimal 304)
   defining Unicode char U+0131 (decimal 305)
   defining Unicode char U+0132 (decimal 306)
   defining Unicode char U+0133 (decimal 307)
   defining Unicode char U+0134 (decimal 308)
   defining Unicode char U+0135 (decimal 309)
   defining Unicode char U+0136 (decimal 310)
   defining Unicode char U+0137 (decimal 311)
   defining Unicode char U+0139 (decimal 313)
   defining Unicode char U+013A (decimal 314)
   defining Unicode char U+013B (decimal 315)
   defining Unicode char U+013C (decimal 316)
   defining Unicode char U+013D (decimal 317)
   defining Unicode char U+013E (decimal 318)
   defining Unicode char U+0141 (decimal 321)
   defining Unicode char U+0142 (decimal 322)
   defining Unicode char U+0143 (decimal 323)
   defining Unicode char U+0144 (decimal 324)
   defining Unicode char U+0145 (decimal 325)
   defining Unicode char U+0146 (decimal 326)
   defining Unicode char U+0147 (decimal 327)
   defining Unicode char U+0148 (decimal 328)
   defining Unicode char U+014A (decimal 330)
   defining Unicode char U+014B (decimal 331)
   defining Unicode char U+014C (decimal 332)
   defining Unicode char U+014D (decimal 333)
   defining Unicode char U+014E (decimal 334)
   defining Unicode char U+014F (decimal 335)
   defining Unicode char U+0150 (decimal 336)
   defining Unicode char U+0151 (decimal 337)
   defining Unicode char U+0152 (decimal 338)
   defining Unicode char U+0153 (decimal 339)
   defining Unicode char U+0154 (decimal 340)
   defining Unicode char U+0155 (decimal 341)
   defining Unicode char U+0156 (decimal 342)
   defining Unicode char U+0157 (decimal 343)
   defining Unicode char U+0158 (decimal 344)
   defining Unicode char U+0159 (decimal 345)
   defining Unicode char U+015A (decimal 346)
   defining Unicode char U+015B (decimal 347)
   defining Unicode char U+015C (decimal 348)
   defining Unicode char U+015D (decimal 349)
   defining Unicode char U+015E (decimal 350)
   defining Unicode char U+015F (decimal 351)
   defining Unicode char U+0160 (decimal 352)
   defining Unicode char U+0161 (decimal 353)
   defining Unicode char U+0162 (decimal 354)
   defining Unicode char U+0163 (decimal 355)
   defining Unicode char U+0164 (decimal 356)
   defining Unicode char U+0165 (decimal 357)
   defining Unicode char U+0168 (decimal 360)
   defining Unicode char U+0169 (decimal 361)
   defining Unicode char U+016A (decimal 362)
   defining Unicode char U+016B (decimal 363)
   defining Unicode char U+016C (decimal 364)
   defining Unicode char U+016D (decimal 365)
   defining Unicode char U+016E (decimal 366)
   defining Unicode char U+016F (decimal 367)
   defining Unicode char U+0170 (decimal 368)
   defining Unicode char U+0171 (decimal 369)
   defining Unicode char U+0172 (decimal 370)
   defining Unicode char U+0173 (decimal 371)
   defining Unicode char U+0174 (decimal 372)
   defining Unicode char U+0175 (decimal 373)
   defining Unicode char U+0176 (decimal 374)
   defining Unicode char U+0177 (decimal 375)
   defining Unicode char U+0178 (decimal 376)
   defining Unicode char U+0179 (decimal 377)
   defining Unicode char U+017A (decimal 378)
   defining Unicode char U+017B (decimal 379)
   defining Unicode char U+017C (decimal 380)
   defining Unicode char U+017D (decimal 381)
   defining Unicode char U+017E (decimal 382)
   defining Unicode char U+01CD (decimal 461)
   defining Unicode char U+01CE (decimal 462)
   defining Unicode char U+01CF (decimal 463)
   defining Unicode char U+01D0 (decimal 464)
   defining Unicode char U+01D1 (decimal 465)
   defining Unicode char U+01D2 (decimal 466)
   defining Unicode char U+01D3 (decimal 467)
   defining Unicode char U+01D4 (decimal 468)
   defining Unicode char U+01E2 (decimal 482)
   defining Unicode char U+01E3 (decimal 483)
   defining Unicode char U+01E6 (decimal 486)
   defining Unicode char U+01E7 (decimal 487)
   defining Unicode char U+01E8 (decimal 488)
   defining Unicode char U+01E9 (decimal 489)
   defining Unicode char U+01EA (decimal 490)
   defining Unicode char U+01EB (decimal 491)
   defining Unicode char U+01F0 (decimal 496)
   defining Unicode char U+01F4 (decimal 500)
   defining Unicode char U+01F5 (decimal 501)
   defining Unicode char U+0218 (decimal 536)
   defining Unicode char U+0219 (decimal 537)
   defining Unicode char U+021A (decimal 538)
   defining Unicode char U+021B (decimal 539)
   defining Unicode char U+0232 (decimal 562)
   defining Unicode char U+0233 (decimal 563)
   defining Unicode char U+1E02 (decimal 7682)
   defining Unicode char U+1E03 (decimal 7683)
   defining Unicode char U+200C (decimal 8204)
   defining Unicode char U+2010 (decimal 8208)
   defining Unicode char U+2011 (decimal 8209)
   defining Unicode char U+2012 (decimal 8210)
   defining Unicode char U+2013 (decimal 8211)
   defining Unicode char U+2014 (decimal 8212)
   defining Unicode char U+2015 (decimal 8213)
   defining Unicode char U+2018 (decimal 8216)
   defining Unicode char U+2019 (decimal 8217)
   defining Unicode char U+201A (decimal 8218)
   defining Unicode char U+201C (decimal 8220)
   defining Unicode char U+201D (decimal 8221)
   defining Unicode char U+201E (decimal 8222)
   defining Unicode char U+2030 (decimal 8240)
   defining Unicode char U+2031 (decimal 8241)
   defining Unicode char U+2039 (decimal 8249)
   defining Unicode char U+203A (decimal 8250)
   defining Unicode char U+2423 (decimal 9251)
   defining Unicode char U+1E20 (decimal 7712)
   defining Unicode char U+1E21 (decimal 7713)
)
Now handling font encoding OT1 ...
... processing UTF-8 mapping file for font encoding OT1

(c:/texlive/2017/texmf-dist/tex/latex/base/ot1enc.dfu
File: ot1enc.dfu 2017/01/28 v1.1t UTF-8 support for inputenc
   defining Unicode char U+00A0 (decimal 160)
   defining Unicode char U+00A1 (decimal 161)
   defining Unicode char U+00A3 (decimal 163)
   defining Unicode char U+00AD (decimal 173)
   defining Unicode char U+00B8 (decimal 184)
   defining Unicode char U+00BF (decimal 191)
   defining Unicode char U+00C5 (decimal 197)
   defining Unicode char U+00C6 (decimal 198)
   defining Unicode char U+00D8 (decimal 216)
   defining Unicode char U+00DF (decimal 223)
   defining Unicode char U+00E6 (decimal 230)
   defining Unicode char U+00EC (decimal 236)
   defining Unicode char U+00ED (decimal 237)
   defining Unicode char U+00EE (decimal 238)
   defining Unicode char U+00EF (decimal 239)
   defining Unicode char U+00F8 (decimal 248)
   defining Unicode char U+0131 (decimal 305)
   defining Unicode char U+0141 (decimal 321)
   defining Unicode char U+0142 (decimal 322)
   defining Unicode char U+0152 (decimal 338)
   defining Unicode char U+0153 (decimal 339)
   defining Unicode char U+0174 (decimal 372)
   defining Unicode char U+0175 (decimal 373)
   defining Unicode char U+0176 (decimal 374)
   defining Unicode char U+0177 (decimal 375)
   defining Unicode char U+0218 (decimal 536)
   defining Unicode char U+0219 (decimal 537)
   defining Unicode char U+021A (decimal 538)
   defining Unicode char U+021B (decimal 539)
   defining Unicode char U+2013 (decimal 8211)
   defining Unicode char U+2014 (decimal 8212)
   defining Unicode char U+2018 (decimal 8216)
   defining Unicode char U+2019 (decimal 8217)
   defining Unicode char U+201C (decimal 8220)
   defining Unicode char U+201D (decimal 8221)
)
Now handling font encoding OMS ...
... processing UTF-8 mapping file for font encoding OMS

(c:/texlive/2017/texmf-dist/tex/latex/base/omsenc.dfu
File: omsenc.dfu 2017/01/28 v1.1t UTF-8 support for inputenc
   defining Unicode char U+00A7 (decimal 167)
   defining Unicode char U+00B6 (decimal 182)
   defining Unicode char U+00B7 (decimal 183)
   defining Unicode char U+2020 (decimal 8224)
   defining Unicode char U+2021 (decimal 8225)
   defining Unicode char U+2022 (decimal 8226)
)
Now handling font encoding OMX ...
... no UTF-8 mapping file for font encoding OMX
Now handling font encoding U ...
... no UTF-8 mapping file for font encoding U
   defining Unicode char U+00A9 (decimal 169)
   defining Unicode char U+00AA (decimal 170)
   defining Unicode char U+00AE (decimal 174)
   defining Unicode char U+00BA (decimal 186)
   defining Unicode char U+02C6 (decimal 710)
   defining Unicode char U+02DC (decimal 732)
   defining Unicode char U+200C (decimal 8204)
   defining Unicode char U+2026 (decimal 8230)
   defining Unicode char U+2122 (decimal 8482)
   defining Unicode char U+2423 (decimal 9251)
))
(c:/texlive/2017/texmf-dist/tex/generic/babel/babel.sty
Package: babel 2018/02/14 3.18 The Babel package

(c:/texlive/2017/texmf-dist/tex/generic/babel/switch.def
File: switch.def 2018/02/14 3.18 Babel switching mechanism
)
(c:/texlive/2017/texmf-dist/tex/generic/babel-russian/russianb.ldf
Language: russian 2017/08/12 1.3j Russian support for the Babel system

(c:/texlive/2017/texmf-dist/tex/generic/babel/babel.def
File: babel.def 2018/02/14 3.18 Babel common definitions
\babel@savecnt=\count87
\U@D=\dimen103

(c:/texlive/2017/texmf-dist/tex/generic/babel/txtbabel.def)
\bbl@dirlevel=\count88
)

Package babel Warning: No Cyrillic font encoding has been loaded so far.
(babel)                A font encoding should be declared before babel.
(babel)                Default `T2A' encoding will be loaded  on input line 74.


(c:/texlive/2017/texmf-dist/tex/latex/cyrillic/t2aenc.def
File: t2aenc.def 2005/09/27 v1.0i Cyrillic encoding definition file
Now handling font encoding T2A ...
... processing UTF-8 mapping file for font encoding T2A

(c:/texlive/2017/texmf-dist/tex/latex/base/t2aenc.dfu
File: t2aenc.dfu 2017/01/28 v1.1t UTF-8 support for inputenc
   defining Unicode char U+00A4 (decimal 164)
   defining Unicode char U+00A7 (decimal 167)
   defining Unicode char U+00AB (decimal 171)
   defining Unicode char U+00BB (decimal 187)
   defining Unicode char U+0131 (decimal 305)
   defining Unicode char U+0400 (decimal 1024)
   defining Unicode char U+0401 (decimal 1025)
   defining Unicode char U+0402 (decimal 1026)
   defining Unicode char U+0403 (decimal 1027)
   defining Unicode char U+0404 (decimal 1028)
   defining Unicode char U+0405 (decimal 1029)
   defining Unicode char U+0406 (decimal 1030)
   defining Unicode char U+0407 (decimal 1031)
   defining Unicode char U+0408 (decimal 1032)
   defining Unicode char U+0409 (decimal 1033)
   defining Unicode char U+040A (decimal 1034)
   defining Unicode char U+040B (decimal 1035)
   defining Unicode char U+040C (decimal 1036)
   defining Unicode char U+040D (decimal 1037)
   defining Unicode char U+040E (decimal 1038)
   defining Unicode char U+040F (decimal 1039)
   defining Unicode char U+0410 (decimal 1040)
   defining Unicode char U+0411 (decimal 1041)
   defining Unicode char U+0412 (decimal 1042)
   defining Unicode char U+0413 (decimal 1043)
   defining Unicode char U+0414 (decimal 1044)
   defining Unicode char U+0415 (decimal 1045)
   defining Unicode char U+0416 (decimal 1046)
   defining Unicode char U+0417 (decimal 1047)
   defining Unicode char U+0418 (decimal 1048)
   defining Unicode char U+0419 (decimal 1049)
   defining Unicode char U+041A (decimal 1050)
   defining Unicode char U+041B (decimal 1051)
   defining Unicode char U+041C (decimal 1052)
   defining Unicode char U+041D (decimal 1053)
   defining Unicode char U+041E (decimal 1054)
   defining Unicode char U+041F (decimal 1055)
   defining Unicode char U+0420 (decimal 1056)
   defining Unicode char U+0421 (decimal 1057)
   defining Unicode char U+0422 (decimal 1058)
   defining Unicode char U+0423 (decimal 1059)
   defining Unicode char U+0424 (decimal 1060)
   defining Unicode char U+0425 (decimal 1061)
   defining Unicode char U+0426 (decimal 1062)
   defining Unicode char U+0427 (decimal 1063)
   defining Unicode char U+0428 (decimal 1064)
   defining Unicode char U+0429 (decimal 1065)
   defining Unicode char U+042A (decimal 1066)
   defining Unicode char U+042B (decimal 1067)
   defining Unicode char U+042C (decimal 1068)
   defining Unicode char U+042D (decimal 1069)
   defining Unicode char U+042E (decimal 1070)
   defining Unicode char U+042F (decimal 1071)
   defining Unicode char U+0430 (decimal 1072)
   defining Unicode char U+0431 (decimal 1073)
   defining Unicode char U+0432 (decimal 1074)
   defining Unicode char U+0433 (decimal 1075)
   defining Unicode char U+0434 (decimal 1076)
   defining Unicode char U+0435 (decimal 1077)
   defining Unicode char U+0436 (decimal 1078)
   defining Unicode char U+0437 (decimal 1079)
   defining Unicode char U+0438 (decimal 1080)
   defining Unicode char U+0439 (decimal 1081)
   defining Unicode char U+043A (decimal 1082)
   defining Unicode char U+043B (decimal 1083)
   defining Unicode char U+043C (decimal 1084)
   defining Unicode char U+043D (decimal 1085)
   defining Unicode char U+043E (decimal 1086)
   defining Unicode char U+043F (decimal 1087)
   defining Unicode char U+0440 (decimal 1088)
   defining Unicode char U+0441 (decimal 1089)
   defining Unicode char U+0442 (decimal 1090)
   defining Unicode char U+0443 (decimal 1091)
   defining Unicode char U+0444 (decimal 1092)
   defining Unicode char U+0445 (decimal 1093)
   defining Unicode char U+0446 (decimal 1094)
   defining Unicode char U+0447 (decimal 1095)
   defining Unicode char U+0448 (decimal 1096)
   defining Unicode char U+0449 (decimal 1097)
   defining Unicode char U+044A (decimal 1098)
   defining Unicode char U+044B (decimal 1099)
   defining Unicode char U+044C (decimal 1100)
   defining Unicode char U+044D (decimal 1101)
   defining Unicode char U+044E (decimal 1102)
   defining Unicode char U+044F (decimal 1103)
   defining Unicode char U+0450 (decimal 1104)
   defining Unicode char U+0451 (decimal 1105)
   defining Unicode char U+0452 (decimal 1106)
   defining Unicode char U+0453 (decimal 1107)
   defining Unicode char U+0454 (decimal 1108)
   defining Unicode char U+0455 (decimal 1109)
   defining Unicode char U+0456 (decimal 1110)
   defining Unicode char U+0457 (decimal 1111)
   defining Unicode char U+0458 (decimal 1112)
   defining Unicode char U+0459 (decimal 1113)
   defining Unicode char U+045A (decimal 1114)
   defining Unicode char U+045B (decimal 1115)
   defining Unicode char U+045C (decimal 1116)
   defining Unicode char U+045D (decimal 1117)
   defining Unicode char U+045E (decimal 1118)
   defining Unicode char U+045F (decimal 1119)
   defining Unicode char U+0490 (decimal 1168)
   defining Unicode char U+0491 (decimal 1169)
   defining Unicode char U+0492 (decimal 1170)
   defining Unicode char U+0493 (decimal 1171)
   defining Unicode char U+0496 (decimal 1174)
   defining Unicode char U+0497 (decimal 1175)
   defining Unicode char U+0498 (decimal 1176)
   defining Unicode char U+0499 (decimal 1177)
   defining Unicode char U+049A (decimal 1178)
   defining Unicode char U+049B (decimal 1179)
   defining Unicode char U+049C (decimal 1180)
   defining Unicode char U+049D (decimal 1181)
   defining Unicode char U+04A0 (decimal 1184)
   defining Unicode char U+04A1 (decimal 1185)
   defining Unicode char U+04A2 (decimal 1186)
   defining Unicode char U+04A3 (decimal 1187)
   defining Unicode char U+04A4 (decimal 1188)
   defining Unicode char U+04A5 (decimal 1189)
   defining Unicode char U+04AA (decimal 1194)
   defining Unicode char U+04AB (decimal 1195)
   defining Unicode char U+04AE (decimal 1198)
   defining Unicode char U+04AF (decimal 1199)
   defining Unicode char U+04B0 (decimal 1200)
   defining Unicode char U+04B1 (decimal 1201)
   defining Unicode char U+04B2 (decimal 1202)
   defining Unicode char U+04B3 (decimal 1203)
   defining Unicode char U+04B6 (decimal 1206)
   defining Unicode char U+04B7 (decimal 1207)
   defining Unicode char U+04B8 (decimal 1208)
   defining Unicode char U+04B9 (decimal 1209)
   defining Unicode char U+04BA (decimal 1210)
   defining Unicode char U+04BB (decimal 1211)
   defining Unicode char U+04C0 (decimal 1216)
   defining Unicode char U+04C1 (decimal 1217)
   defining Unicode char U+04C2 (decimal 1218)
   defining Unicode char U+04D0 (decimal 1232)
   defining Unicode char U+04D1 (decimal 1233)
   defining Unicode char U+04D2 (decimal 1234)
   defining Unicode char U+04D3 (decimal 1235)
   defining Unicode char U+04D4 (decimal 1236)
   defining Unicode char U+04D5 (decimal 1237)
   defining Unicode char U+04D6 (decimal 1238)
   defining Unicode char U+04D7 (decimal 1239)
   defining Unicode char U+04D8 (decimal 1240)
   defining Unicode char U+04D9 (decimal 1241)
   defining Unicode char U+04DA (decimal 1242)
   defining Unicode char U+04DB (decimal 1243)
   defining Unicode char U+04DC (decimal 1244)
   defining Unicode char U+04DD (decimal 1245)
   defining Unicode char U+04DE (decimal 1246)
   defining Unicode char U+04DF (decimal 1247)
   defining Unicode char U+04E2 (decimal 1250)
   defining Unicode char U+04E3 (decimal 1251)
   defining Unicode char U+04E4 (decimal 1252)
   defining Unicode char U+04E5 (decimal 1253)
   defining Unicode char U+04E6 (decimal 1254)
   defining Unicode char U+04E7 (decimal 1255)
   defining Unicode char U+04E8 (decimal 1256)
   defining Unicode char U+04E9 (decimal 1257)
   defining Unicode char U+04EC (decimal 1260)
   defining Unicode char U+04ED (decimal 1261)
   defining Unicode char U+04EE (decimal 1262)
   defining Unicode char U+04EF (decimal 1263)
   defining Unicode char U+04F0 (decimal 1264)
   defining Unicode char U+04F1 (decimal 1265)
   defining Unicode char U+04F2 (decimal 1266)
   defining Unicode char U+04F3 (decimal 1267)
   defining Unicode char U+04F4 (decimal 1268)
   defining Unicode char U+04F5 (decimal 1269)
   defining Unicode char U+04F8 (decimal 1272)
   defining Unicode char U+04F9 (decimal 1273)
   defining Unicode char U+200C (decimal 8204)
   defining Unicode char U+2013 (decimal 8211)
   defining Unicode char U+2014 (decimal 8212)
   defining Unicode char U+2018 (decimal 8216)
   defining Unicode char U+2019 (decimal 8217)
   defining Unicode char U+201C (decimal 8220)
   defining Unicode char U+201D (decimal 8221)
   defining Unicode char U+201E (decimal 8222)
   defining Unicode char U+2030 (decimal 8240)
   defining Unicode char U+2031 (decimal 8241)
   defining Unicode char U+2116 (decimal 8470)
   defining Unicode char U+2329 (decimal 9001)
   defining Unicode char U+232A (decimal 9002)
   defining Unicode char U+2423 (decimal 9251)
))
Package babel Info: Making " an active character on input line 120.
Package babel Info: Default for \cyrdash is provided on input line 157.
)) (./textbook.sty
(c:/texlive/2017/texmf-dist/tex/latex/chngcntr/chngcntr.sty
Package: chngcntr 2009/09/02 v1.0a change counter resetting
)
(c:/texlive/2017/texmf-dist/tex/latex/background/background.sty
Package: background 2014/03/04 v2.1 background material

(c:/texlive/2017/texmf-dist/tex/latex/xkeyval/xkeyval.sty
Package: xkeyval 2014/12/03 v2.7a package option processing (HA)

(c:/texlive/2017/texmf-dist/tex/generic/xkeyval/xkeyval.tex
(c:/texlive/2017/texmf-dist/tex/generic/xkeyval/xkvutils.tex
\XKV@toks=\toks16
\XKV@tempa@toks=\toks17

(c:/texlive/2017/texmf-dist/tex/generic/xkeyval/keyval.tex))
\XKV@depth=\count89
File: xkeyval.tex 2014/12/03 v2.7a key=value parser (HA)
))
(c:/texlive/2017/texmf-dist/tex/latex/pgf/frontendlayer/tikz.sty
(c:/texlive/2017/texmf-dist/tex/latex/pgf/basiclayer/pgf.sty
(c:/texlive/2017/texmf-dist/tex/latex/pgf/utilities/pgfrcs.sty
(c:/texlive/2017/texmf-dist/tex/generic/pgf/utilities/pgfutil-common.tex
\pgfutil@everybye=\toks18
\pgfutil@tempdima=\dimen104
\pgfutil@tempdimb=\dimen105

(c:/texlive/2017/texmf-dist/tex/generic/pgf/utilities/pgfutil-common-lists.tex)
) (c:/texlive/2017/texmf-dist/tex/generic/pgf/utilities/pgfutil-latex.def
\pgfutil@abb=\box26

(c:/texlive/2017/texmf-dist/tex/latex/ms/everyshi.sty
Package: everyshi 2001/05/15 v3.00 EveryShipout Package (MS)
))
(c:/texlive/2017/texmf-dist/tex/generic/pgf/utilities/pgfrcs.code.tex
Package: pgfrcs 2015/08/07 v3.0.1a (rcs-revision 1.31)
))
Package: pgf 2015/08/07 v3.0.1a (rcs-revision 1.15)

(c:/texlive/2017/texmf-dist/tex/latex/pgf/basiclayer/pgfcore.sty
(c:/texlive/2017/texmf-dist/tex/latex/graphics/graphicx.sty
Package: graphicx 2017/06/01 v1.1a Enhanced LaTeX Graphics (DPC,SPQR)

(c:/texlive/2017/texmf-dist/tex/latex/graphics/graphics.sty
Package: graphics 2017/06/25 v1.2c Standard LaTeX Graphics (DPC,SPQR)

(c:/texlive/2017/texmf-dist/tex/latex/graphics/trig.sty
Package: trig 2016/01/03 v1.10 sin cos tan (DPC)
)
(c:/texlive/2017/texmf-dist/tex/latex/graphics-cfg/graphics.cfg
File: graphics.cfg 2016/06/04 v1.11 sample graphics configuration
)
Package graphics Info: Driver file: pdftex.def on input line 99.

(c:/texlive/2017/texmf-dist/tex/latex/graphics-def/pdftex.def
File: pdftex.def 2018/01/08 v1.0l Graphics/color driver for pdftex
))
\Gin@req@height=\dimen106
\Gin@req@width=\dimen107
)
(c:/texlive/2017/texmf-dist/tex/latex/pgf/systemlayer/pgfsys.sty
(c:/texlive/2017/texmf-dist/tex/generic/pgf/systemlayer/pgfsys.code.tex
Package: pgfsys 2014/07/09 v3.0.1a (rcs-revision 1.48)

(c:/texlive/2017/texmf-dist/tex/generic/pgf/utilities/pgfkeys.code.tex
\pgfkeys@pathtoks=\toks19
\pgfkeys@temptoks=\toks20

(c:/texlive/2017/texmf-dist/tex/generic/pgf/utilities/pgfkeysfiltered.code.tex
\pgfkeys@tmptoks=\toks21
))
\pgf@x=\dimen108
\pgf@y=\dimen109
\pgf@xa=\dimen110
\pgf@ya=\dimen111
\pgf@xb=\dimen112
\pgf@yb=\dimen113
\pgf@xc=\dimen114
\pgf@yc=\dimen115
\w@pgf@writea=\write3
\r@pgf@reada=\read1
\c@pgf@counta=\count90
\c@pgf@countb=\count91
\c@pgf@countc=\count92
\c@pgf@countd=\count93
\t@pgf@toka=\toks22
\t@pgf@tokb=\toks23
\t@pgf@tokc=\toks24
 (c:/texlive/2017/texmf-dist/tex/generic/pgf/systemlayer/pgf.cfg
File: pgf.cfg 2008/05/14  (rcs-revision 1.7)
)
Driver file for pgf: pgfsys-pdftex.def

(c:/texlive/2017/texmf-dist/tex/generic/pgf/systemlayer/pgfsys-pdftex.def
File: pgfsys-pdftex.def 2014/10/11  (rcs-revision 1.35)

(c:/texlive/2017/texmf-dist/tex/generic/pgf/systemlayer/pgfsys-common-pdf.def
File: pgfsys-common-pdf.def 2013/10/10  (rcs-revision 1.13)
)))
(c:/texlive/2017/texmf-dist/tex/generic/pgf/systemlayer/pgfsyssoftpath.code.tex
File: pgfsyssoftpath.code.tex 2013/09/09  (rcs-revision 1.9)
\pgfsyssoftpath@smallbuffer@items=\count94
\pgfsyssoftpath@bigbuffer@items=\count95
)
(c:/texlive/2017/texmf-dist/tex/generic/pgf/systemlayer/pgfsysprotocol.code.tex
File: pgfsysprotocol.code.tex 2006/10/16  (rcs-revision 1.4)
)) (c:/texlive/2017/texmf-dist/tex/latex/xcolor/xcolor.sty
Package: xcolor 2016/05/11 v2.12 LaTeX color extensions (UK)

(c:/texlive/2017/texmf-dist/tex/latex/graphics-cfg/color.cfg
File: color.cfg 2016/01/02 v1.6 sample color configuration
)
Package xcolor Info: Driver file: pdftex.def on input line 225.
Package xcolor Info: Model `cmy' substituted by `cmy0' on input line 1348.
Package xcolor Info: Model `hsb' substituted by `rgb' on input line 1352.
Package xcolor Info: Model `RGB' extended on input line 1364.
Package xcolor Info: Model `HTML' substituted by `rgb' on input line 1366.
Package xcolor Info: Model `Hsb' substituted by `hsb' on input line 1367.
Package xcolor Info: Model `tHsb' substituted by `hsb' on input line 1368.
Package xcolor Info: Model `HSB' substituted by `hsb' on input line 1369.
Package xcolor Info: Model `Gray' substituted by `gray' on input line 1370.
Package xcolor Info: Model `wave' substituted by `hsb' on input line 1371.
)
(c:/texlive/2017/texmf-dist/tex/generic/pgf/basiclayer/pgfcore.code.tex
Package: pgfcore 2010/04/11 v3.0.1a (rcs-revision 1.7)

(c:/texlive/2017/texmf-dist/tex/generic/pgf/math/pgfmath.code.tex
(c:/texlive/2017/texmf-dist/tex/generic/pgf/math/pgfmathcalc.code.tex
(c:/texlive/2017/texmf-dist/tex/generic/pgf/math/pgfmathutil.code.tex)
(c:/texlive/2017/texmf-dist/tex/generic/pgf/math/pgfmathparser.code.tex
\pgfmath@dimen=\dimen116
\pgfmath@count=\count96
\pgfmath@box=\box27
\pgfmath@toks=\toks25
\pgfmath@stack@operand=\toks26
\pgfmath@stack@operation=\toks27
)
(c:/texlive/2017/texmf-dist/tex/generic/pgf/math/pgfmathfunctions.code.tex
(c:/texlive/2017/texmf-dist/tex/generic/pgf/math/pgfmathfunctions.basic.code.te
x)
(c:/texlive/2017/texmf-dist/tex/generic/pgf/math/pgfmathfunctions.trigonometric
.code.tex)
(c:/texlive/2017/texmf-dist/tex/generic/pgf/math/pgfmathfunctions.random.code.t
ex)
(c:/texlive/2017/texmf-dist/tex/generic/pgf/math/pgfmathfunctions.comparison.co
de.tex)
(c:/texlive/2017/texmf-dist/tex/generic/pgf/math/pgfmathfunctions.base.code.tex
)
(c:/texlive/2017/texmf-dist/tex/generic/pgf/math/pgfmathfunctions.round.code.te
x)
(c:/texlive/2017/texmf-dist/tex/generic/pgf/math/pgfmathfunctions.misc.code.tex
)
(c:/texlive/2017/texmf-dist/tex/generic/pgf/math/pgfmathfunctions.integerarithm
etics.code.tex)))
(c:/texlive/2017/texmf-dist/tex/generic/pgf/math/pgfmathfloat.code.tex
\c@pgfmathroundto@lastzeros=\count97
))
(c:/texlive/2017/texmf-dist/tex/generic/pgf/basiclayer/pgfcorepoints.code.tex
File: pgfcorepoints.code.tex 2013/10/07  (rcs-revision 1.27)
\pgf@picminx=\dimen117
\pgf@picmaxx=\dimen118
\pgf@picminy=\dimen119
\pgf@picmaxy=\dimen120
\pgf@pathminx=\dimen121
\pgf@pathmaxx=\dimen122
\pgf@pathminy=\dimen123
\pgf@pathmaxy=\dimen124
\pgf@xx=\dimen125
\pgf@xy=\dimen126
\pgf@yx=\dimen127
\pgf@yy=\dimen128
\pgf@zx=\dimen129
\pgf@zy=\dimen130
)
(c:/texlive/2017/texmf-dist/tex/generic/pgf/basiclayer/pgfcorepathconstruct.cod
e.tex
File: pgfcorepathconstruct.code.tex 2013/10/07  (rcs-revision 1.29)
\pgf@path@lastx=\dimen131
\pgf@path@lasty=\dimen132
)
(c:/texlive/2017/texmf-dist/tex/generic/pgf/basiclayer/pgfcorepathusage.code.te
x
File: pgfcorepathusage.code.tex 2014/11/02  (rcs-revision 1.24)
\pgf@shorten@end@additional=\dimen133
\pgf@shorten@start@additional=\dimen134
)
(c:/texlive/2017/texmf-dist/tex/generic/pgf/basiclayer/pgfcorescopes.code.tex
File: pgfcorescopes.code.tex 2015/05/08  (rcs-revision 1.46)
\pgfpic=\box28
\pgf@hbox=\box29
\pgf@layerbox@main=\box30
\pgf@picture@serial@count=\count98
)
(c:/texlive/2017/texmf-dist/tex/generic/pgf/basiclayer/pgfcoregraphicstate.code
.tex
File: pgfcoregraphicstate.code.tex 2014/11/02  (rcs-revision 1.12)
\pgflinewidth=\dimen135
)
(c:/texlive/2017/texmf-dist/tex/generic/pgf/basiclayer/pgfcoretransformations.c
ode.tex
File: pgfcoretransformations.code.tex 2015/08/07  (rcs-revision 1.20)
\pgf@pt@x=\dimen136
\pgf@pt@y=\dimen137
\pgf@pt@temp=\dimen138
)
(c:/texlive/2017/texmf-dist/tex/generic/pgf/basiclayer/pgfcorequick.code.tex
File: pgfcorequick.code.tex 2008/10/09  (rcs-revision 1.3)
)
(c:/texlive/2017/texmf-dist/tex/generic/pgf/basiclayer/pgfcoreobjects.code.tex
File: pgfcoreobjects.code.tex 2006/10/11  (rcs-revision 1.2)
)
(c:/texlive/2017/texmf-dist/tex/generic/pgf/basiclayer/pgfcorepathprocessing.co
de.tex
File: pgfcorepathprocessing.code.tex 2013/09/09  (rcs-revision 1.9)
)
(c:/texlive/2017/texmf-dist/tex/generic/pgf/basiclayer/pgfcorearrows.code.tex
File: pgfcorearrows.code.tex 2015/05/14  (rcs-revision 1.43)
\pgfarrowsep=\dimen139
)
(c:/texlive/2017/texmf-dist/tex/generic/pgf/basiclayer/pgfcoreshade.code.tex
File: pgfcoreshade.code.tex 2013/07/15  (rcs-revision 1.15)
\pgf@max=\dimen140
\pgf@sys@shading@range@num=\count99
)
(c:/texlive/2017/texmf-dist/tex/generic/pgf/basiclayer/pgfcoreimage.code.tex
File: pgfcoreimage.code.tex 2013/07/15  (rcs-revision 1.18)

(c:/texlive/2017/texmf-dist/tex/generic/pgf/basiclayer/pgfcoreexternal.code.tex
File: pgfcoreexternal.code.tex 2014/07/09  (rcs-revision 1.21)
\pgfexternal@startupbox=\box31
))
(c:/texlive/2017/texmf-dist/tex/generic/pgf/basiclayer/pgfcorelayers.code.tex
File: pgfcorelayers.code.tex 2013/07/18  (rcs-revision 1.7)
)
(c:/texlive/2017/texmf-dist/tex/generic/pgf/basiclayer/pgfcoretransparency.code
.tex
File: pgfcoretransparency.code.tex 2013/09/30  (rcs-revision 1.5)
)
(c:/texlive/2017/texmf-dist/tex/generic/pgf/basiclayer/pgfcorepatterns.code.tex
File: pgfcorepatterns.code.tex 2013/11/07  (rcs-revision 1.5)
)))
(c:/texlive/2017/texmf-dist/tex/generic/pgf/modules/pgfmoduleshapes.code.tex
File: pgfmoduleshapes.code.tex 2014/03/21  (rcs-revision 1.35)
\pgfnodeparttextbox=\box32
)
(c:/texlive/2017/texmf-dist/tex/generic/pgf/modules/pgfmoduleplot.code.tex
File: pgfmoduleplot.code.tex 2015/08/03  (rcs-revision 1.13)
)
(c:/texlive/2017/texmf-dist/tex/latex/pgf/compatibility/pgfcomp-version-0-65.st
y
Package: pgfcomp-version-0-65 2007/07/03 v3.0.1a (rcs-revision 1.7)
\pgf@nodesepstart=\dimen141
\pgf@nodesepend=\dimen142
)
(c:/texlive/2017/texmf-dist/tex/latex/pgf/compatibility/pgfcomp-version-1-18.st
y
Package: pgfcomp-version-1-18 2007/07/23 v3.0.1a (rcs-revision 1.1)
)) (c:/texlive/2017/texmf-dist/tex/latex/pgf/utilities/pgffor.sty
(c:/texlive/2017/texmf-dist/tex/latex/pgf/utilities/pgfkeys.sty
(c:/texlive/2017/texmf-dist/tex/generic/pgf/utilities/pgfkeys.code.tex))
(c:/texlive/2017/texmf-dist/tex/latex/pgf/math/pgfmath.sty
(c:/texlive/2017/texmf-dist/tex/generic/pgf/math/pgfmath.code.tex))
(c:/texlive/2017/texmf-dist/tex/generic/pgf/utilities/pgffor.code.tex
Package: pgffor 2013/12/13 v3.0.1a (rcs-revision 1.25)

(c:/texlive/2017/texmf-dist/tex/generic/pgf/math/pgfmath.code.tex)
\pgffor@iter=\dimen143
\pgffor@skip=\dimen144
\pgffor@stack=\toks28
\pgffor@toks=\toks29
))
(c:/texlive/2017/texmf-dist/tex/generic/pgf/frontendlayer/tikz/tikz.code.tex
Package: tikz 2015/08/07 v3.0.1a (rcs-revision 1.151)

(c:/texlive/2017/texmf-dist/tex/generic/pgf/libraries/pgflibraryplothandlers.co
de.tex
File: pgflibraryplothandlers.code.tex 2013/08/31 v3.0.1a (rcs-revision 1.20)
\pgf@plot@mark@count=\count100
\pgfplotmarksize=\dimen145
)
\tikz@lastx=\dimen146
\tikz@lasty=\dimen147
\tikz@lastxsaved=\dimen148
\tikz@lastysaved=\dimen149
\tikzleveldistance=\dimen150
\tikzsiblingdistance=\dimen151
\tikz@figbox=\box33
\tikz@figbox@bg=\box34
\tikz@tempbox=\box35
\tikz@tempbox@bg=\box36
\tikztreelevel=\count101
\tikznumberofchildren=\count102
\tikznumberofcurrentchild=\count103
\tikz@fig@count=\count104

(c:/texlive/2017/texmf-dist/tex/generic/pgf/modules/pgfmodulematrix.code.tex
File: pgfmodulematrix.code.tex 2013/09/17  (rcs-revision 1.8)
\pgfmatrixcurrentrow=\count105
\pgfmatrixcurrentcolumn=\count106
\pgf@matrix@numberofcolumns=\count107
)
\tikz@expandcount=\count108

(c:/texlive/2017/texmf-dist/tex/generic/pgf/frontendlayer/tikz/libraries/tikzli
brarytopaths.code.tex
File: tikzlibrarytopaths.code.tex 2008/06/17 v3.0.1a (rcs-revision 1.2)
)))
(c:/texlive/2017/texmf-dist/tex/latex/everypage/everypage.sty
Package: everypage 2007/06/20 1.1 Hooks to run on every page
)
(c:/texlive/2017/texmf-dist/tex/latex/tools/afterpage.sty
Package: afterpage 2014/10/28 v1.08 After-Page Package (DPC)
\AP@output=\toks30
\AP@partial=\box37
\AP@footins=\box38
))
(c:/texlive/2017/texmf-dist/tex/latex/eso-pic/eso-pic.sty
Package: eso-pic 2015/07/21 v2.0g eso-pic (RN)

(c:/texlive/2017/texmf-dist/tex/generic/oberdiek/atbegshi.sty
Package: atbegshi 2016/06/09 v1.18 At begin shipout hook (HO)

(c:/texlive/2017/texmf-dist/tex/generic/oberdiek/infwarerr.sty
Package: infwarerr 2016/05/16 v1.4 Providing info/warning/error messages (HO)
)
(c:/texlive/2017/texmf-dist/tex/generic/oberdiek/ltxcmds.sty
Package: ltxcmds 2016/05/16 v1.23 LaTeX kernel commands for general use (HO)
)
(c:/texlive/2017/texmf-dist/tex/generic/oberdiek/ifpdf.sty
Package: ifpdf 2017/03/15 v3.2 Provides the ifpdf switch
)))
(c:/texlive/2017/texmf-dist/tex/latex/oberdiek/transparent.sty
Package: transparent 2016/05/16 v1.1 Transparency via pdfTeX's color stack (HO)


(c:/texlive/2017/texmf-dist/tex/latex/oberdiek/auxhook.sty
Package: auxhook 2016/05/16 v1.4 Hooks for auxiliary files (HO)
))
\c@Th=\count109

(c:/texlive/2017/texmf-dist/tex/latex/jknapltx/mathrsfs.sty
Package: mathrsfs 1996/01/01 Math RSFS package v1.0 (jk)
\symrsfs=\mathgroup4
)
(c:/texlive/2017/texmf-dist/tex/latex/amsfonts/amssymb.sty
Package: amssymb 2013/01/14 v3.01 AMS font symbols

(c:/texlive/2017/texmf-dist/tex/latex/amsfonts/amsfonts.sty
Package: amsfonts 2013/01/14 v3.01 Basic AMSFonts support
\@emptytoks=\toks31
\symAMSa=\mathgroup5
\symAMSb=\mathgroup6
LaTeX Font Info:    Overwriting math alphabet `\mathfrak' in version `bold'
(Font)                  U/euf/m/n --> U/euf/b/n on input line 106.
))
(c:/texlive/2017/texmf-dist/tex/latex/amsmath/amsmath.sty
Package: amsmath 2017/09/02 v2.17a AMS math features
\@mathmargin=\skip43

For additional information on amsmath, use the `?' option.
(c:/texlive/2017/texmf-dist/tex/latex/amsmath/amstext.sty
Package: amstext 2000/06/29 v2.01 AMS text

(c:/texlive/2017/texmf-dist/tex/latex/amsmath/amsgen.sty
File: amsgen.sty 1999/11/30 v2.0 generic functions
\@emptytoks=\toks32
\ex@=\dimen152
))
(c:/texlive/2017/texmf-dist/tex/latex/amsmath/amsbsy.sty
Package: amsbsy 1999/11/29 v1.2d Bold Symbols
\pmbraise@=\dimen153
)
(c:/texlive/2017/texmf-dist/tex/latex/amsmath/amsopn.sty
Package: amsopn 2016/03/08 v2.02 operator names
)
\inf@bad=\count110
LaTeX Info: Redefining \frac on input line 213.
\uproot@=\count111
\leftroot@=\count112
LaTeX Info: Redefining \overline on input line 375.
\classnum@=\count113
\DOTSCASE@=\count114
LaTeX Info: Redefining \ldots on input line 472.
LaTeX Info: Redefining \dots on input line 475.
LaTeX Info: Redefining \cdots on input line 596.
\Mathstrutbox@=\box39
\strutbox@=\box40
\big@size=\dimen154
LaTeX Font Info:    Redeclaring font encoding OML on input line 712.
LaTeX Font Info:    Redeclaring font encoding OMS on input line 713.
\macc@depth=\count115
\c@MaxMatrixCols=\count116
\dotsspace@=\muskip10
\c@parentequation=\count117
\dspbrk@lvl=\count118
\tag@help=\toks33
\row@=\count119
\column@=\count120
\maxfields@=\count121
\andhelp@=\toks34
\eqnshift@=\dimen155
\alignsep@=\dimen156
\tagshift@=\dimen157
\tagwidth@=\dimen158
\totwidth@=\dimen159
\lineht@=\dimen160
\@envbody=\toks35
\multlinegap=\skip44
\multlinetaggap=\skip45
\mathdisplay@stack=\toks36
LaTeX Info: Redefining \[ on input line 2817.
LaTeX Info: Redefining \] on input line 2818.
)
(c:/texlive/2017/texmf-dist/tex/latex/bbm-macros/bbm.sty
Package: bbm 1999/03/15 V 1.2 provides fonts for set symbols - TH
LaTeX Font Info:    Overwriting math alphabet `\mathbbm' in version `bold'
(Font)                  U/bbm/m/n --> U/bbm/bx/n on input line 33.
LaTeX Font Info:    Overwriting math alphabet `\mathbbmss' in version `bold'
(Font)                  U/bbmss/m/n --> U/bbmss/bx/n on input line 35.
)
(c:/texlive/2017/texmf-dist/tex/latex/epigraph/epigraph.sty
Package: epigraph 2009/09/02 v1.5c typesetting epigraphs
\beforeepigraphskip=\skip46
\afterepigraphskip=\skip47
\epigraphwidth=\skip48
\epigraphrule=\skip49
)
(c:/texlive/2017/texmf-dist/tex/latex/subfiles/subfiles.sty
Package: subfiles 2012/05/23 Federico Garcia

(c:/texlive/2017/texmf-dist/tex/latex/tools/verbatim.sty
Package: verbatim 2014/10/28 v1.5q LaTeX2e package for verbatim enhancements
\every@verbatim=\toks37
\verbatim@line=\toks38
\verbatim@in@stream=\read2
))
(c:/texlive/2017/texmf-dist/tex/generic/ulem/ulem.sty
\UL@box=\box41
\UL@hyphenbox=\box42
\UL@skip=\skip50
\UL@hook=\toks39
\UL@height=\dimen161
\UL@pe=\count122
\UL@pixel=\dimen162
\ULC@box=\box43
Package: ulem 2012/05/18
\ULdepth=\dimen163
)
(c:/texlive/2017/texmf-dist/tex/latex/cancel/cancel.sty
Package: cancel 2013/04/12 v2.2 Cancel math terms
)
(c:/texlive/2017/texmf-dist/tex/latex/pb-diagram/pb-diagram.sty
\dgARROWLENGTH=\skip51
\dgTEXTARROWLENGTH=\skip52
\dgHORIZPAD=\skip53
\dgVERTPAD=\skip54
\dgLABELOFFSET=\skip55
\dgARROWPARTS=\count123
\dgDOTSPACING=\skip56
\dgDOTSIZE=\skip57
\dgMAXSQUARE=\count124
\dgMINDBLSQ=\count125
\dgCOLUMNWIDTH=\skip58
\dg@HORIZ=\count126
\dg@VERT=\count127
\dg@XLPAD=\count128
\dg@YBPAD=\count129
\dg@XRPAD=\count130
\dg@YTPAD=\count131
\dg@X=\count132
\dg@Y=\count133
\dg@XGRID=\count134
\dg@YGRID=\count135
\dg@SIZE=\count136
\dg@USERSIZE=\count137
\dg@DX=\count138
\dg@DY=\count139
\dg@XLBL=\count140
\dg@YLBL=\count141
\dg@XOFFSET=\count142
\dg@YOFFSET=\count143
\dg@LBLOFF=\count144
\dg@XLBLOFF=\count145
\dg@YLBLOFF=\count146
\dg@LBLPOS=\count147
\dg@XTEMP=\count148
\dg@YTEMP=\count149
\dg@ZTEMP=\count150
\dg@XNODE=\count151
\dg@YNODE=\count152
\dg@XEND=\count153
\dg@YEND=\count154
\dg@WEND=\count155
\dg@HEND=\count156
\dg@COUNT=\count157
\dg@NODEBOX=\box44
\dg@LABONEBOX=\box45
\dg@LABTWOBOX=\box46
)
(c:/texlive/2017/texmf-dist/tex/latex/pgfplots/pgfplots.sty
(c:/texlive/2017/texmf-dist/tex/generic/pgfplots/pgfplots.revision.tex)
Package: pgfplots 2017/06/05 v1.15 Data Visualization (1.15)

(c:/texlive/2017/texmf-dist/tex/generic/pgfplots/pgfplots.code.tex
(c:/texlive/2017/texmf-dist/tex/generic/pgfplots/pgfplotscore.code.tex
\t@pgfplots@toka=\toks40
\t@pgfplots@tokb=\toks41
\t@pgfplots@tokc=\toks42
\pgfplots@tmpa=\dimen164
\c@pgfplots@coordindex=\count158
\c@pgfplots@scanlineindex=\count159

(c:/texlive/2017/texmf-dist/tex/generic/pgfplots/sys/pgfplotssysgeneric.code.te
x))
(c:/texlive/2017/texmf-dist/tex/generic/pgfplots/libs/pgfplotslibrary.code.tex)

(c:/texlive/2017/texmf-dist/tex/generic/pgfplots/oldpgfcompatib/pgfplotsoldpgfs
upp_loader.code.tex
(c:/texlive/2017/texmf-dist/tex/generic/pgf/libraries/pgflibraryfpu.code.tex)
Package pgfplots: loading complementary arithmetics for your pgf version...

(c:/texlive/2017/texmf-dist/tex/generic/pgfplots/oldpgfcompatib/pgfplotsoldpgfs
upp_pgflibraryfpu.code.tex)
(c:/texlive/2017/texmf-dist/tex/generic/pgfplots/oldpgfcompatib/pgfplotsoldpgfs
upp_pgfmathfloat.code.tex
\c@pgfmathroundto@lastzeros=\count160
))
(c:/texlive/2017/texmf-dist/tex/generic/pgfplots/util/pgfplotsutil.code.tex
(c:/texlive/2017/texmf-dist/tex/generic/pgfplots/liststructure/pgfplotsliststru
cture.code.tex)
(c:/texlive/2017/texmf-dist/tex/generic/pgfplots/liststructure/pgfplotsliststru
ctureext.code.tex)
(c:/texlive/2017/texmf-dist/tex/generic/pgfplots/liststructure/pgfplotsarray.co
de.tex
\c@pgfplotsarray@tmp=\count161
)
(c:/texlive/2017/texmf-dist/tex/generic/pgfplots/liststructure/pgfplotsmatrix.c
ode.tex)
(c:/texlive/2017/texmf-dist/tex/generic/pgfplots/numtable/pgfplotstableshared.c
ode.tex
\c@pgfplotstable@counta=\count162
\t@pgfplotstable@a=\toks43
)
(c:/texlive/2017/texmf-dist/tex/generic/pgfplots/liststructure/pgfplotsdeque.co
de.tex)
(c:/texlive/2017/texmf-dist/tex/generic/pgfplots/util/pgfplotsbinary.code.tex
(c:/texlive/2017/texmf-dist/tex/generic/pgfplots/util/pgfplotsbinary.data.code.
tex))
(c:/texlive/2017/texmf-dist/tex/generic/pgfplots/util/pgfplotsutil.verb.code.te
x)
(c:/texlive/2017/texmf-dist/tex/generic/pgfplots/libs/pgflibrarypgfplots.surfsh
ading.code.tex
\c@pgfplotslibrarysurf@no=\count163

(c:/texlive/2017/texmf-dist/tex/generic/pgfplots/sys/pgflibrarypgfplots.surfsha
ding.pgfsys-pdftex.def)))
(c:/texlive/2017/texmf-dist/tex/generic/pgfplots/util/pgfplotscolormap.code.tex
(c:/texlive/2017/texmf-dist/tex/generic/pgfplots/util/pgfplotscolor.code.tex))
(c:/texlive/2017/texmf-dist/tex/generic/pgfplots/pgfplotsstackedplots.code.tex)
(c:/texlive/2017/texmf-dist/tex/generic/pgfplots/pgfplotsplothandlers.code.tex
(c:/texlive/2017/texmf-dist/tex/generic/pgfplots/pgfplotsmeshplothandler.code.t
ex
(c:/texlive/2017/texmf-dist/tex/generic/pgfplots/pgfplotsmeshplotimage.code.tex
))) (c:/texlive/2017/texmf-dist/tex/generic/pgfplots/pgfplots.scaling.code.tex)

(c:/texlive/2017/texmf-dist/tex/generic/pgfplots/pgfplotscoordprocessing.code.t
ex)
(c:/texlive/2017/texmf-dist/tex/generic/pgfplots/pgfplots.errorbars.code.tex)
(c:/texlive/2017/texmf-dist/tex/generic/pgfplots/pgfplots.markers.code.tex)
(c:/texlive/2017/texmf-dist/tex/generic/pgfplots/pgfplotsticks.code.tex)
(c:/texlive/2017/texmf-dist/tex/generic/pgfplots/pgfplots.paths.code.tex)
(c:/texlive/2017/texmf-dist/tex/generic/pgf/frontendlayer/tikz/libraries/tikzli
brarydecorations.code.tex
(c:/texlive/2017/texmf-dist/tex/generic/pgf/modules/pgfmoduledecorations.code.t
ex
\pgfdecoratedcompleteddistance=\dimen165
\pgfdecoratedremainingdistance=\dimen166
\pgfdecoratedinputsegmentcompleteddistance=\dimen167
\pgfdecoratedinputsegmentremainingdistance=\dimen168
\pgf@decorate@distancetomove=\dimen169
\pgf@decorate@repeatstate=\count164
\pgfdecorationsegmentamplitude=\dimen170
\pgfdecorationsegmentlength=\dimen171
)
\tikz@lib@dec@box=\box47
)
(c:/texlive/2017/texmf-dist/tex/generic/pgf/frontendlayer/tikz/libraries/tikzli
brarydecorations.pathmorphing.code.tex
(c:/texlive/2017/texmf-dist/tex/generic/pgf/libraries/decorations/pgflibrarydec
orations.pathmorphing.code.tex))
(c:/texlive/2017/texmf-dist/tex/generic/pgf/frontendlayer/tikz/libraries/tikzli
brarydecorations.pathreplacing.code.tex
(c:/texlive/2017/texmf-dist/tex/generic/pgf/libraries/decorations/pgflibrarydec
orations.pathreplacing.code.tex))
\pgfplots@numplots=\count165
\pgfplots@xmin@reg=\dimen172
\pgfplots@xmax@reg=\dimen173
\pgfplots@ymin@reg=\dimen174
\pgfplots@ymax@reg=\dimen175
\pgfplots@zmin@reg=\dimen176
\pgfplots@zmax@reg=\dimen177
)
(c:/texlive/2017/texmf-dist/tex/generic/pgf/frontendlayer/tikz/libraries/tikzli
braryplotmarks.code.tex
File: tikzlibraryplotmarks.code.tex 2008/01/09 v3.0.1a (rcs-revision 1.1)

(c:/texlive/2017/texmf-dist/tex/generic/pgf/libraries/pgflibraryplotmarks.code.
tex
File: pgflibraryplotmarks.code.tex 2015/08/03 v3.0.1a (rcs-revision 1.14)
))) (c:/texlive/2017/texmf-dist/tex/latex/caption/caption.sty
Package: caption 2016/02/21 v3.3-144 Customizing captions (AR)

(c:/texlive/2017/texmf-dist/tex/latex/caption/caption3.sty
Package: caption3 2016/05/22 v1.7-166 caption3 kernel (AR)
Package caption3 Info: TeX engine: e-TeX on input line 67.
\captionmargin=\dimen178
\captionmargin@=\dimen179
\captionwidth=\dimen180
\caption@tempdima=\dimen181
\caption@indent=\dimen182
\caption@parindent=\dimen183
\caption@hangindent=\dimen184
)
\c@ContinuedFloat=\count166
)
(c:/texlive/2017/texmf-dist/tex/generic/pgf/frontendlayer/tikz/libraries/tikzli
braryarrows.code.tex
File: tikzlibraryarrows.code.tex 2008/01/09 v3.0.1a (rcs-revision 1.1)

(c:/texlive/2017/texmf-dist/tex/generic/pgf/libraries/pgflibraryarrows.code.tex
File: pgflibraryarrows.code.tex 2013/09/23 v3.0.1a (rcs-revision 1.16)
\arrowsize=\dimen185
))
(c:/texlive/2017/texmf-dist/tex/generic/pgf/frontendlayer/tikz/libraries/tikzli
brarybackgrounds.code.tex
File: tikzlibrarybackgrounds.code.tex 2013/07/18 v3.0.1a (rcs-revision 1.3)
\pgf@layerbox@background=\box48
\pgf@layerboxsaved@background=\box49
)
(c:/texlive/2017/texmf-dist/tex/generic/pgf/frontendlayer/tikz/libraries/tikzli
brarypositioning.code.tex
File: tikzlibrarypositioning.code.tex 2008/10/06 v3.0.1a (rcs-revision 1.7)
)
(c:/texlive/2017/texmf-dist/tex/generic/pgf/frontendlayer/tikz/libraries/tikzli
braryfit.code.tex
File: tikzlibraryfit.code.tex 2013/07/12 v3.0.1a (rcs-revision 1.5)
)
(c:/texlive/2017/texmf-dist/tex/generic/pgf/frontendlayer/tikz/libraries/tikzli
brarypetri.code.tex
File: tikzlibrarypetri.code.tex 2013/07/17 v3.0.1a (rcs-revision 1.3)
)
(c:/texlive/2017/texmf-dist/tex/generic/pgf/libraries/pgflibraryarrows.meta.cod
e.tex
File: pgflibraryarrows.meta.code.tex 2015/05/13 v3.0.1a (rcs-revision 1.13)
\pgfarrowinset=\dimen186
\pgfarrowlength=\dimen187
\pgfarrowwidth=\dimen188
\pgfarrowlinewidth=\dimen189
)) (./TV&MS.aux
LaTeX Font Info:    Try loading font information for T2A+cmr on input line 6.
 (c:/texlive/2017/texmf-dist/tex/latex/cyrillic/t2acmr.fd
File: t2acmr.fd 2001/08/11 v1.0a Computer Modern Cyrillic font definitions
))
\openout1 = `TV&MS.aux'.

LaTeX Font Info:    Checking defaults for OML/cmm/m/it on input line 7.
LaTeX Font Info:    ... okay on input line 7.
LaTeX Font Info:    Checking defaults for T1/cmr/m/n on input line 7.
LaTeX Font Info:    ... okay on input line 7.
LaTeX Font Info:    Checking defaults for OT1/cmr/m/n on input line 7.
LaTeX Font Info:    ... okay on input line 7.
LaTeX Font Info:    Checking defaults for OMS/cmsy/m/n on input line 7.
LaTeX Font Info:    ... okay on input line 7.
LaTeX Font Info:    Checking defaults for OMX/cmex/m/n on input line 7.
LaTeX Font Info:    ... okay on input line 7.
LaTeX Font Info:    Checking defaults for U/cmr/m/n on input line 7.
LaTeX Font Info:    ... okay on input line 7.
LaTeX Font Info:    Checking defaults for T2A/cmr/m/n on input line 7.
LaTeX Font Info:    ... okay on input line 7.
ABD: EveryShipout initializing macros
(c:/texlive/2017/texmf-dist/tex/context/base/mkii/supp-pdf.mkii
[Loading MPS to PDF converter (version 2006.09.02).]
\scratchcounter=\count167
\scratchdimen=\dimen190
\scratchbox=\box50
\nofMPsegments=\count168
\nofMParguments=\count169
\everyMPshowfont=\toks44
\MPscratchCnt=\count170
\MPscratchDim=\dimen191
\MPnumerator=\count171
\makeMPintoPDFobject=\count172
\everyMPtoPDFconversion=\toks45
) (c:/texlive/2017/texmf-dist/tex/latex/oberdiek/epstopdf-base.sty
Package: epstopdf-base 2016/05/15 v2.6 Base part for package epstopdf

(c:/texlive/2017/texmf-dist/tex/latex/oberdiek/grfext.sty
Package: grfext 2016/05/16 v1.2 Manage graphics extensions (HO)

(c:/texlive/2017/texmf-dist/tex/generic/oberdiek/kvdefinekeys.sty
Package: kvdefinekeys 2016/05/16 v1.4 Define keys (HO)
))
(c:/texlive/2017/texmf-dist/tex/latex/oberdiek/kvoptions.sty
Package: kvoptions 2016/05/16 v3.12 Key value format for package options (HO)

(c:/texlive/2017/texmf-dist/tex/generic/oberdiek/kvsetkeys.sty
Package: kvsetkeys 2016/05/16 v1.17 Key value parser (HO)

(c:/texlive/2017/texmf-dist/tex/generic/oberdiek/etexcmds.sty
Package: etexcmds 2016/05/16 v1.6 Avoid name clashes with e-TeX commands (HO)

(c:/texlive/2017/texmf-dist/tex/generic/oberdiek/ifluatex.sty
Package: ifluatex 2016/05/16 v1.4 Provides the ifluatex switch (HO)
Package ifluatex Info: LuaTeX not detected.
)
Package etexcmds Info: Could not find \expanded.
(etexcmds)             That can mean that you are not using pdfTeX 1.50 or
(etexcmds)             that some package has redefined \expanded.
(etexcmds)             In the latter case, load this package earlier.
)))
(c:/texlive/2017/texmf-dist/tex/generic/oberdiek/pdftexcmds.sty
Package: pdftexcmds 2018/01/21 v0.26 Utility functions of pdfTeX for LuaTeX (HO
)
Package pdftexcmds Info: LuaTeX not detected.
Package pdftexcmds Info: \pdf@primitive is available.
Package pdftexcmds Info: \pdf@ifprimitive is available.
Package pdftexcmds Info: \pdfdraftmode found.
)
Package epstopdf-base Info: Redefining graphics rule for `.eps' on input line 4
38.
Package grfext Info: Graphics extension search list:
(grfext)             [.pdf,.png,.jpg,.eps]
(grfext)             \AppendGraphicsExtensions on input line 456.

(c:/texlive/2017/texmf-dist/tex/latex/latexconfig/epstopdf-sys.cfg
File: epstopdf-sys.cfg 2010/07/13 v1.3 Configuration of (r)epstopdf for TeX Liv
e
))
\AtBeginShipoutBox=\box51


Package pgfplots Warning: running in backwards compatibility mode (unsuitable t
ick labels; missing features). Consider writing \pgfplotsset{compat=1.15} into 
your preamble.
 on input line 7.

Package caption Info: Begin \AtBeginDocument code.
Package caption Info: End \AtBeginDocument code.
(./inputs/title.tex
<pictures/back.png, id=4, 501.875pt x 1003.75pt>
File: pictures/back.png Graphic file (type png)
<use pictures/back.png>
Package pdftex.def Info: pictures/back.png  used on input line 15.
(pdftex.def)             Requested size: 614.295pt x 1228.73918pt.
 [1

{c:/texlive/2017/texmf-var/fonts/map/pdftex/updmap/pdftex.map} <./pictures/back
.png>]) (./TV&MS.toc)
\tf@toc=\write4
\openout4 = `TV&MS.toc'.

File: pictures/back.png Graphic file (type png)
<use pictures/back.png>
Package pdftex.def Info: pictures/back.png  used on input line 12.
(pdftex.def)             Requested size: 614.295pt x 1228.73918pt.
 [1] (./inputs/epigraph.tex
LaTeX Font Info:    Try loading font information for U+rsfs on input line 5.

(c:/texlive/2017/texmf-dist/tex/latex/jknapltx/ursfs.fd
File: ursfs.fd 1998/03/24 rsfs font definition file (jk)
)
LaTeX Font Info:    Try loading font information for U+msa on input line 5.

(c:/texlive/2017/texmf-dist/tex/latex/amsfonts/umsa.fd
File: umsa.fd 2013/01/14 v3.01 AMS symbols A
)
LaTeX Font Info:    Try loading font information for U+msb on input line 5.

(c:/texlive/2017/texmf-dist/tex/latex/amsfonts/umsb.fd
File: umsb.fd 2013/01/14 v3.01 AMS symbols B
)
File: pictures/back.png Graphic file (type png)
<use pictures/back.png>
Package pdftex.def Info: pictures/back.png  used on input line 7.
(pdftex.def)             Requested size: 614.295pt x 1228.73918pt.
 [2])
(./inputs/prob_space.tex
File: pictures/back.png Graphic file (type png)
<use pictures/back.png>
Package pdftex.def Info: pictures/back.png  used on input line 61.
(pdftex.def)             Requested size: 614.295pt x 1228.73918pt.
 [3]
<pictures/ping.jpg, id=40, 1204.5pt x 1204.5pt>
File: pictures/ping.jpg Graphic file (type jpg)
<use pictures/ping.jpg>
Package pdftex.def Info: pictures/ping.jpg  used on input line 78.
(pdftex.def)             Requested size: 14.22546pt x 14.22636pt.
File: pictures/back.png Graphic file (type png)
<use pictures/back.png>
Package pdftex.def Info: pictures/back.png  used on input line 91.
(pdftex.def)             Requested size: 614.295pt x 1228.73918pt.
 [4 <./pictures/ping.jpg>]
<pictures/cat.jpg, id=44, 184.69pt x 184.69pt>
File: pictures/cat.jpg Graphic file (type jpg)
<use pictures/cat.jpg>
Package pdftex.def Info: pictures/cat.jpg  used on input line 122.
(pdftex.def)             Requested size: 14.22595pt x 14.22636pt.

Underfull \hbox (badness 10000) in paragraph at lines 119--126

 []

File: pictures/back.png Graphic file (type png)
<use pictures/back.png>
Package pdftex.def Info: pictures/back.png  used on input line 126.
(pdftex.def)             Requested size: 614.295pt x 1228.73918pt.
[5 <./pictures/cat.jpg>]) (./inputs/cond_prob.tex
Underfull \hbox (badness 10000) in paragraph at lines 11--12

 []

<pictures/cond_prob.jpg, id=51, 216.05719pt x 152.06813pt>
File: pictures/cond_prob.jpg Graphic file (type jpg)
<use pictures/cond_prob.jpg>
Package pdftex.def Info: pictures/cond_prob.jpg  used on input line 13.
(pdftex.def)             Requested size: 121.278pt x 85.35826pt.

Overfull \hbox (64.3725pt too wide) in paragraph at lines 13--13
[][] 
 []


Underfull \hbox (badness 10000) in paragraph at lines 13--18

 []

File: pictures/ping.jpg Graphic file (type jpg)
<use pictures/ping.jpg>
Package pdftex.def Info: pictures/ping.jpg  used on input line 23.
(pdftex.def)             Requested size: 14.22546pt x 14.22636pt.

Overfull \hbox (21.8966pt too wide) in paragraph at lines 41--42
[]\T2A/cmr/m/it/12  $\OML/cmm/m/it/12 A[]; A[]; [] ; A[]$ \T2A/cmr/m/it/
12 ---- $[]$,
 []

File: pictures/back.png Graphic file (type png)
<use pictures/back.png>
Package pdftex.def Info: pictures/back.png  used on input line 51.
(pdftex.def)             Requested size: 614.295pt x 1228.73918pt.
[6 <./pictures/cond_prob.jpg>]
File: pictures/back.png Graphic file (type png)
<use pictures/back.png>
Package pdftex.def Info: pictures/back.png  used on input line 51.
(pdftex.def)             Requested size: 614.295pt x 1228.73918pt.
 [7]) (./inputs/bayes.tex
Underfull \hbox (badness 10000) in paragraph at lines 20--27

 []


Underfull \hbox (badness 10000) in paragraph at lines 28--37

 []

File: pictures/back.png Graphic file (type png)
<use pictures/back.png>
Package pdftex.def Info: pictures/back.png  used on input line 46.
(pdftex.def)             Requested size: 614.295pt x 1228.73918pt.
[8]) (./inputs/rnd_var.tex
File: pictures/ping.jpg Graphic file (type jpg)
<use pictures/ping.jpg>
Package pdftex.def Info: pictures/ping.jpg  used on input line 15.
(pdftex.def)             Requested size: 14.22546pt x 14.22636pt.
File: pictures/ping.jpg Graphic file (type jpg)
<use pictures/ping.jpg>
Package pdftex.def Info: pictures/ping.jpg  used on input line 35.
(pdftex.def)             Requested size: 14.22546pt x 14.22636pt.
File: pictures/back.png Graphic file (type png)
<use pictures/back.png>
Package pdftex.def Info: pictures/back.png  used on input line 49.
(pdftex.def)             Requested size: 614.295pt x 1228.73918pt.
 [9]
Overfull \hbox (32.6404pt too wide) in paragraph at lines 55--56
[]\T2A/cmr/m/it/12  $\OML/cmm/m/it/12 ^^X; ^^Q$ \T2A/cmr/m/it/12 --- -
- ---. - -- $[]$
 []


LaTeX Warning: Command \CYRI invalid in math mode on input line 58.

Missing character: There is no  in font cmr12!

Underfull \hbox (badness 1496) in paragraph at lines 57--61
\T2A/cmr/bx/n/12  $[] \OT1/cmr/m/n/12 = [] []$\T2A/cmr/m/n/12 . 
--, 
 []

File: pictures/back.png Graphic file (type png)
<use pictures/back.png>
Package pdftex.def Info: pictures/back.png  used on input line 81.
(pdftex.def)             Requested size: 614.295pt x 1228.73918pt.
[10]
Underfull \hbox (badness 1226) in paragraph at lines 92--94
[]\T2A/cmr/m/it/12  $\OML/cmm/m/it/12 x[]$ \T2A/cmr/m/it/12 ----
 $[]$ $\OML/cmm/m/it/12 F[]\OT1/cmr/m/n/12 (\OML/cmm/m/it/12 x\OT1/cmr/m/n/12 )
$\T2A/cmr/m/it/12 , - $\OMS/cmsy/m/n/12 8\OML/cmm/m/it/12 " > \OT1/cmr/m/n/
12 0 $
 []

File: pictures/back.png Graphic file (type png)
<use pictures/back.png>
Package pdftex.def Info: pictures/back.png  used on input line 101.
(pdftex.def)             Requested size: 614.295pt x 1228.73918pt.
[11]) (./inputs/lebesgue.tex
LaTeX Font Info:    Try loading font information for OMS+cmr on input line 16.

(c:/texlive/2017/texmf-dist/tex/latex/base/omscmr.fd
File: omscmr.fd 2014/09/29 v2.5h Standard LaTeX font definitions
)
LaTeX Font Info:    Font shape `OMS/cmr/m/n' in size <12> not available
(Font)              Font shape `OMS/cmsy/m/n' tried instead on input line 16.
LaTeX Font Info:    Try loading font information for U+bbm on input line 38.

(c:/texlive/2017/texmf-dist/tex/latex/bbm-macros/ubbm.fd
File: ubbm.fd 1999/03/15 V 1.2 Font definition for bbm font - TH
)
File: pictures/back.png Graphic file (type png)
<use pictures/back.png>
Package pdftex.def Info: pictures/back.png  used on input line 48.
(pdftex.def)             Requested size: 614.295pt x 1228.73918pt.
 [12]
Overfull \hbox (3.05792pt too wide) detected at line 54
[] \OML/cmm/m/it/12 f\OT1/cmr/m/n/12 (\OML/cmm/m/it/12 x\OT1/cmr/m/n/12 )\OML/c
mm/m/it/12 ^^V\OT1/cmr/m/n/12 (\OML/cmm/m/it/12 dx\OT1/cmr/m/n/12 ) = [][][] []
\OML/cmm/m/it/12 ^^V[][] []\OT1/cmr/m/n/12 +\OML/cmm/m/it/12 n^^V\OT1/cmr/m/n/1
2 ([])[]
 []

File: pictures/back.png Graphic file (type png)
<use pictures/back.png>
Package pdftex.def Info: pictures/back.png  used on input line 70.
(pdftex.def)             Requested size: 614.295pt x 1228.73918pt.
[13]
File: pictures/back.png Graphic file (type png)
<use pictures/back.png>
Package pdftex.def Info: pictures/back.png  used on input line 83.
(pdftex.def)             Requested size: 614.295pt x 1228.73918pt.
 [14]) (./inputs/distr.tex
<pictures/kantor.png, id=83, 202.50656pt x 107.65219pt>
File: pictures/kantor.png Graphic file (type png)
<use pictures/kantor.png>
Package pdftex.def Info: pictures/kantor.png  used on input line 39.
(pdftex.def)             Requested size: 160.57169pt x 85.35826pt.

Overfull \hbox (103.66618pt too wide) in paragraph at lines 39--39
[][] 
 []


Underfull \hbox (badness 10000) in paragraph at lines 32--45

 []


Underfull \hbox (badness 10000) in paragraph at lines 32--45

 []

File: pictures/back.png Graphic file (type png)
<use pictures/back.png>
Package pdftex.def Info: pictures/back.png  used on input line 45.
(pdftex.def)             Requested size: 614.295pt x 1228.73918pt.
[15]
File: pictures/back.png Graphic file (type png)
<use pictures/back.png>
Package pdftex.def Info: pictures/back.png  used on input line 60.
(pdftex.def)             Requested size: 614.295pt x 1228.73918pt.
 [16 <./pictures/kantor.png>]) (./inputs/characteristics.tex
Overfull \hbox (1.93245pt too wide) detected at line 14
\U/msb/m/n/12 E\OML/cmm/m/it/12 ^^X \OT1/cmr/m/n/12 = [] \OML/cmm/m/it/12 ^^Xd\
U/msb/m/n/12 P \OT1/cmr/m/n/12 = [][][] []\U/msb/m/n/12 P[][] []\OT1/cmr/m/n/12
 +\OML/cmm/m/it/12 n\U/msb/m/n/12 P\OT1/cmr/m/n/12 ([])[]
 []

File: pictures/back.png Graphic file (type png)
<use pictures/back.png>
Package pdftex.def Info: pictures/back.png  used on input line 42.
(pdftex.def)             Requested size: 614.295pt x 1228.73918pt.
[17]
Underfull \hbox (badness 10000) in paragraph at lines 44--47

 []

File: pictures/back.png Graphic file (type png)
<use pictures/back.png>
Package pdftex.def Info: pictures/back.png  used on input line 92.
(pdftex.def)             Requested size: 614.295pt x 1228.73918pt.
[18]
File: pictures/back.png Graphic file (type png)
<use pictures/back.png>
Package pdftex.def Info: pictures/back.png  used on input line 118.
(pdftex.def)             Requested size: 614.295pt x 1228.73918pt.
 [19]) (./inputs/nezavis.tex
Overfull \hbox (74.65692pt too wide) detected at line 32
\U/msb/m/n/12 E\OML/cmm/m/it/12 ^^X^^Q \OT1/cmr/m/n/12 = [] \OML/cmm/m/it/12 x[
]y[]\U/msb/m/n/12 P\OT1/cmr/m/n/12 (\OML/cmm/m/it/12 ^^X \OT1/cmr/m/n/12 = \OML
/cmm/m/it/12 x[]; ^^Q \OT1/cmr/m/n/12 = \OML/cmm/m/it/12 y[]\OT1/cmr/m/n/12 ) =
 [] \OML/cmm/m/it/12 x[]y[]\U/msb/m/n/12 P\OT1/cmr/m/n/12 (\OML/cmm/m/it/12 ^^X
 \OT1/cmr/m/n/12 = \OML/cmm/m/it/12 x[]\OT1/cmr/m/n/12 )\U/msb/m/n/12 P\OT1/cmr
/m/n/12 (\OML/cmm/m/it/12 ^^Q \OT1/cmr/m/n/12 = \OML/cmm/m/it/12 y[]\OT1/cmr/m/
n/12 ) = [] \OML/cmm/m/it/12 x[]\U/msb/m/n/12 P\OT1/cmr/m/n/12 (\OML/cmm/m/it/1
2 ^^X \OT1/cmr/m/n/12 = \OML/cmm/m/it/12 x[]\OT1/cmr/m/n/12 ) [] \OML/cmm/m/it/
12 y[]\U/msb/m/n/12 P\OT1/cmr/m/n/12 (\OML/cmm/m/it/12 ^^Q \OT1/cmr/m/n/12 = \O
ML/cmm/m/it/12 y[]\OT1/cmr/m/n/12 ) = \U/msb/m/n/12 E\OML/cmm/m/it/12 ^^X\U/msb
/m/n/12 E\OML/cmm/m/it/12 ^^Q
 []

File: pictures/back.png Graphic file (type png)
<use pictures/back.png>
Package pdftex.def Info: pictures/back.png  used on input line 59.
(pdftex.def)             Requested size: 614.295pt x 1228.73918pt.
[20]) (./inputs/nerav.tex
Underfull \hbox (badness 10000) in paragraph at lines 9--10

 []


Overfull \hbox (67.51787pt too wide) detected at line 10
\U/msb/m/n/12 E\OML/cmm/m/it/12 g\OT1/cmr/m/n/12 (\OMS/cmsy/m/n/12 j\OML/cmm/m/
it/12 ^^X\OMS/cmsy/m/n/12 j\OT1/cmr/m/n/12 ) = \U/msb/m/n/12 E\OML/cmm/m/it/12 
g\OT1/cmr/m/n/12 (\OMS/cmsy/m/n/12 j\OML/cmm/m/it/12 ^^X\OMS/cmsy/m/n/12 j\OT1/
cmr/m/n/12 )\U/bbm/m/n/12 1\OT1/cmr/m/n/12 (\OMS/cmsy/m/n/12 j\OML/cmm/m/it/12 
^^X\OMS/cmsy/m/n/12 j ^^U \OML/cmm/m/it/12 x\OT1/cmr/m/n/12 ) + \U/msb/m/n/12 E
\OML/cmm/m/it/12 g\OT1/cmr/m/n/12 (\OMS/cmsy/m/n/12 j\OML/cmm/m/it/12 ^^X\OMS/c
msy/m/n/12 j\OT1/cmr/m/n/12 )\U/bbm/m/n/12 1\OT1/cmr/m/n/12 (\OMS/cmsy/m/n/12 j
\OML/cmm/m/it/12 ^^X\OMS/cmsy/m/n/12 j \OML/cmm/m/it/12 < x\OT1/cmr/m/n/12 ) \O
MS/cmsy/m/n/12 ^^U \U/msb/m/n/12 E\OML/cmm/m/it/12 g\OT1/cmr/m/n/12 (\OMS/cmsy/
m/n/12 j\OML/cmm/m/it/12 ^^X\OMS/cmsy/m/n/12 j\OT1/cmr/m/n/12 )\U/bbm/m/n/12 1\
OT1/cmr/m/n/12 (\OMS/cmsy/m/n/12 j\OML/cmm/m/it/12 ^^X\OMS/cmsy/m/n/12 j ^^U \O
ML/cmm/m/it/12 x\OT1/cmr/m/n/12 ) \OMS/cmsy/m/n/12 ^^U \OML/cmm/m/it/12 g\OT1/c
mr/m/n/12 (\OML/cmm/m/it/12 x\OT1/cmr/m/n/12 )\U/msb/m/n/12 E\U/bbm/m/n/12 1\OT
1/cmr/m/n/12 (\OMS/cmsy/m/n/12 j\OML/cmm/m/it/12 ^^X\OMS/cmsy/m/n/12 j ^^U \OML
/cmm/m/it/12 x\OT1/cmr/m/n/12 ) = \OML/cmm/m/it/12 g\OT1/cmr/m/n/12 (\OML/cmm/m
/it/12 x\OT1/cmr/m/n/12 )\U/msb/m/n/12 P\OT1/cmr/m/n/12 (\OMS/cmsy/m/n/12 j\OML
/cmm/m/it/12 ^^X\OMS/cmsy/m/n/12 j \OML/cmm/m/it/12 > x\OT1/cmr/m/n/12 )
 []

File: pictures/back.png Graphic file (type png)
<use pictures/back.png>
Package pdftex.def Info: pictures/back.png  used on input line 32.
(pdftex.def)             Requested size: 614.295pt x 1228.73918pt.
[21]) (./inputs/bernulli.tex
Overfull \hbox (17.55109pt too wide) in paragraph at lines 7--8
[]\T2A/cmr/m/it/12  -- --- $\OML/cmm/m/it/12 ^^X$ \T
2A/cmr/m/it/12 - $[]$,
 []


LaTeX Warning: Command \cyrb invalid in math mode on input line 38.

Missing character: There is no  in font cmr12!
File: pictures/back.png Graphic file (type png)
<use pictures/back.png>
Package pdftex.def Info: pictures/back.png  used on input line 44.
(pdftex.def)             Requested size: 614.295pt x 1228.73918pt.
[22]
Overfull \hbox (69.67932pt too wide) detected at line 71
\OMS/cmsy/m/n/12 j\OML/cmm/m/it/12 B[]\OT1/cmr/m/n/12 (\OML/cmm/m/it/12 x; f\OT
1/cmr/m/n/12 ) \OMS/cmsy/m/n/12 ^^@ \OML/cmm/m/it/12 f\OT1/cmr/m/n/12 (\OML/cmm
/m/it/12 x\OT1/cmr/m/n/12 )\OMS/cmsy/m/n/12 j \OT1/cmr/m/n/12 = \OMS/cmsy/m/n/1
2 j [] \OML/cmm/m/it/12 C[]x[]\OT1/cmr/m/n/12 (1 \OMS/cmsy/m/n/12 ^^@ \OML/cmm/
m/it/12 x\OT1/cmr/m/n/12 )[]\OML/cmm/m/it/12 f\OT1/cmr/m/n/12 ([]) \OMS/cmsy/m/
n/12 ^^@ [] \OML/cmm/m/it/12 C[]x[]\OT1/cmr/m/n/12 (1 \OMS/cmsy/m/n/12 ^^@ \OML
/cmm/m/it/12 x\OT1/cmr/m/n/12 )[]\OML/cmm/m/it/12 f\OT1/cmr/m/n/12 (\OML/cmm/m/
it/12 x\OT1/cmr/m/n/12 )\OMS/cmsy/m/n/12 j ^^T [] \OML/cmm/m/it/12 C[]x[]\OT1/c
mr/m/n/12 (1 \OMS/cmsy/m/n/12 ^^@ \OML/cmm/m/it/12 x\OT1/cmr/m/n/12 )[]\OMS/cms
y/m/n/12 j\OML/cmm/m/it/12 f\OT1/cmr/m/n/12 ([]) \OMS/cmsy/m/n/12 ^^@ \OML/cmm/
m/it/12 f\OT1/cmr/m/n/12 (\OML/cmm/m/it/12 x\OT1/cmr/m/n/12 )\OMS/cmsy/m/n/12 j

 []

File: pictures/back.png Graphic file (type png)
<use pictures/back.png>
Package pdftex.def Info: pictures/back.png  used on input line 78.
(pdftex.def)             Requested size: 614.295pt x 1228.73918pt.
[23]
File: pictures/back.png Graphic file (type png)
<use pictures/back.png>
Package pdftex.def Info: pictures/back.png  used on input line 98.
(pdftex.def)             Requested size: 614.295pt x 1228.73918pt.
 [24]) (./inputs/lim_th.tex
File: pictures/cat.jpg Graphic file (type jpg)
<use pictures/cat.jpg>
Package pdftex.def Info: pictures/cat.jpg  used on input line 23.
(pdftex.def)             Requested size: 14.22595pt x 14.22636pt.
File: pictures/back.png Graphic file (type png)
<use pictures/back.png>
Package pdftex.def Info: pictures/back.png  used on input line 44.
(pdftex.def)             Requested size: 614.295pt x 1228.73918pt.
 [25]
File: pictures/back.png Graphic file (type png)
<use pictures/back.png>
Package pdftex.def Info: pictures/back.png  used on input line 75.
(pdftex.def)             Requested size: 614.295pt x 1228.73918pt.
 [26]
Overfull \hbox (68.19409pt too wide) detected at line 82
\U/msb/m/n/12 P\OT1/cmr/m/n/12 (\OML/cmm/m/it/12 m[] \OMS/cmsy/m/n/12 ^^T \OML/
cmm/m/it/12 ^^V[] \OMS/cmsy/m/n/12 ^^T \OML/cmm/m/it/12 m[]\OT1/cmr/m/n/12 ) = 
\U/msb/m/n/12 P\OT1/cmr/m/n/12 ([] \OMS/cmsy/m/n/12 ^^T [] ^^T []\OT1/cmr/m/n/1
2 ) \OMS/cmsy/m/n/12 ^^Y [] \OML/cmm/m/it/12 ^^^\OT1/cmr/m/n/12 (\OML/cmm/m/it/
12 x\OT1/cmr/m/n/12 )\OML/cmm/m/it/12 dx;  x\OT1/cmr/m/n/12 1 \OMS/cmsy/m/n/12 
^^Q []\OML/cmm/m/it/12 ; x\OT1/cmr/m/n/12 2 \OMS/cmsy/m/n/12 ^^Q []
 []

File: pictures/back.png Graphic file (type png)
<use pictures/back.png>
Package pdftex.def Info: pictures/back.png  used on input line 106.
(pdftex.def)             Requested size: 614.295pt x 1228.73918pt.
[27]
File: pictures/back.png Graphic file (type png)
<use pictures/back.png>
Package pdftex.def Info: pictures/back.png  used on input line 112.
(pdftex.def)             Requested size: 614.295pt x 1228.73918pt.
 [28]) (./inputs/vec.tex
Overfull \hbox (54.90862pt too wide) in paragraph at lines 21--23
\T2A/cmr/m/n/12 --  ----, -- $[] \OML/cmm/m/it/12 F[
]\OT1/cmr/m/n/12 (\OML/cmm/m/it/12 x\OT1/cmr/m/n/12 ) = \OML/cmm/m/it/12 F[]\OT
1/cmr/m/n/12 (\OML/cmm/m/it/12 x[]; [] ; x[]; x[]; [] ; x[]\OT1/cmr/m/n/12 )$\T
2A/cmr/m/n/12 . 
 []

File: pictures/back.png Graphic file (type png)
<use pictures/back.png>
Package pdftex.def Info: pictures/back.png  used on input line 36.
(pdftex.def)             Requested size: 614.295pt x 1228.73918pt.
[29]) (./inputs/charfunc.tex
Overfull \hbox (7.38301pt too wide) in paragraph at lines 57--59
[]$\OML/cmm/m/it/12 f\OT1/cmr/m/n/12 (\OML/cmm/m/it/12 t\OT1/cmr/m/n/12 )$ \T2A
/cmr/m/it/12 --- ------ -
 []

File: pictures/back.png Graphic file (type png)
<use pictures/back.png>
Package pdftex.def Info: pictures/back.png  used on input line 65.
(pdftex.def)             Requested size: 614.295pt x 1228.73918pt.
[30]
File: pictures/back.png Graphic file (type png)
<use pictures/back.png>
Package pdftex.def Info: pictures/back.png  used on input line 119.
(pdftex.def)             Requested size: 614.295pt x 1228.73918pt.
 [31]
File: pictures/cat.jpg Graphic file (type jpg)
<use pictures/cat.jpg>
Package pdftex.def Info: pictures/cat.jpg  used on input line 128.
(pdftex.def)             Requested size: 14.22595pt x 14.22636pt.
File: pictures/back.png Graphic file (type png)
<use pictures/back.png>
Package pdftex.def Info: pictures/back.png  used on input line 185.
(pdftex.def)             Requested size: 614.295pt x 1228.73918pt.
 [32]
File: pictures/back.png Graphic file (type png)
<use pictures/back.png>
Package pdftex.def Info: pictures/back.png  used on input line 188.
(pdftex.def)             Requested size: 614.295pt x 1228.73918pt.
 [33]) (./inputs/distr_of_funcs.tex
File: pictures/back.png Graphic file (type png)
<use pictures/back.png>
Package pdftex.def Info: pictures/back.png  used on input line 34.
(pdftex.def)             Requested size: 614.295pt x 1228.73918pt.
 [34])
(./inputs/types_of_lims.tex
File: pictures/back.png Graphic file (type png)
<use pictures/back.png>
Package pdftex.def Info: pictures/back.png  used on input line 51.
(pdftex.def)             Requested size: 614.295pt x 1228.73918pt.
 [35]
File: pictures/ping.jpg Graphic file (type jpg)
<use pictures/ping.jpg>
Package pdftex.def Info: pictures/ping.jpg  used on input line 54.
(pdftex.def)             Requested size: 14.22546pt x 14.22636pt.

Overfull \hbox (2.01501pt too wide) detected at line 84
\OMS/cmsy/m/n/12 ,  \U/msb/m/n/12 P\OT1/cmr/m/n/12 (\OML/cmm/m/it/12 A[]\OT1/cm
r/m/n/12 ) = 0\OML/cmm/m/it/12 ; m \U/msa/m/n/12 > \OT1/cmr/m/n/12 1  \OMS/cmsy
/m/n/12 ,  \U/msb/m/n/12 P\OT1/cmr/m/n/12 (\OML/cmm/m/it/12 A[]\OT1/cmr/m/n/12 
) = 0\OML/cmm/m/it/12 ; " > \OT1/cmr/m/n/12 0  \OMS/cmsy/m/n/12 ,  \U/msb/m/n/1
2 P [] [] \OT1/cmr/m/n/12 0\OML/cmm/m/it/12 ; " > \OT1/cmr/m/n/12 0  \OMS/cmsy/
m/n/12 ,
 []

File: pictures/back.png Graphic file (type png)
<use pictures/back.png>
Package pdftex.def Info: pictures/back.png  used on input line 84.
(pdftex.def)             Requested size: 614.295pt x 1228.73918pt.
[36]
File: pictures/ping.jpg Graphic file (type jpg)
<use pictures/ping.jpg>
Package pdftex.def Info: pictures/ping.jpg  used on input line 89.
(pdftex.def)             Requested size: 14.22546pt x 14.22636pt.
File: pictures/back.png Graphic file (type png)
<use pictures/back.png>
Package pdftex.def Info: pictures/back.png  used on input line 218.
(pdftex.def)             Requested size: 614.295pt x 1228.73918pt.
 [37]
Underfull \hbox (badness 10000) in paragraph at lines 240--241

 []

File: pictures/ping.jpg Graphic file (type jpg)
<use pictures/ping.jpg>
Package pdftex.def Info: pictures/ping.jpg  used on input line 254.
(pdftex.def)             Requested size: 14.22546pt x 14.22636pt.
File: pictures/back.png Graphic file (type png)
<use pictures/back.png>
Package pdftex.def Info: pictures/back.png  used on input line 258.
(pdftex.def)             Requested size: 614.295pt x 1228.73918pt.
[38]
File: pictures/back.png Graphic file (type png)
<use pictures/back.png>
Package pdftex.def Info: pictures/back.png  used on input line 281.
(pdftex.def)             Requested size: 614.295pt x 1228.73918pt.
 [39]) (./inputs/zbch.tex
Overfull \hbox (1.44719pt too wide) in paragraph at lines 21--22
[]\T2A/cmr/m/it/12  $\OMS/cmsy/m/n/12 f\OML/cmm/m/it/12 ^^X[]\OMS/cmsy/m/n/
12 g$ \T2A/cmr/m/it/12 ^^V --- --- -
 []


Overfull \hbox (20.10367pt too wide) in paragraph at lines 48--51
[]\T2A/cmr/m/it/12  $\OMS/cmsy/m/n/12 f\OML/cmm/m/it/12 ^^X[]\OMS/cmsy/m/n
/12 g$ \T2A/cmr/m/it/12 ^^V ----- -
 []

File: pictures/back.png Graphic file (type png)
<use pictures/back.png>
Package pdftex.def Info: pictures/back.png  used on input line 51.
(pdftex.def)             Requested size: 614.295pt x 1228.73918pt.
[40]
Overfull \hbox (3.6114pt too wide) in paragraph at lines 69--70
[]\T2A/cmr/m/it/12  $\OMS/cmsy/m/n/12 f\OML/cmm/m/it/12 ^^X[]\OMS/cmsy/m/n/
12 g$ \T2A/cmr/m/it/12 ^^V
 []

File: pictures/ping.jpg Graphic file (type jpg)
<use pictures/ping.jpg>
Package pdftex.def Info: pictures/ping.jpg  used on input line 80.
(pdftex.def)             Requested size: 14.22546pt x 14.22636pt.

Overfull \hbox (48.59894pt too wide) detected at line 107
 []$[]  \U/msb/m/n/12 P [] \OT1/cmr/m/n/12 = [] \OML/cmm/m/it/12 p\OT1/cmr/m/n/
12 (\OML/cmm/m/it/12 x\OT1/cmr/m/n/12 )\OML/cmm/m/it/12 dx \OT1/cmr/m/n/12 + []
 \OML/cmm/m/it/12 p\OT1/cmr/m/n/12 (\OML/cmm/m/it/12 x\OT1/cmr/m/n/12 )\OML/cmm
/m/it/12 dx \OT1/cmr/m/n/12 = [] [][] + [] [][] =$ 
 []

File: pictures/back.png Graphic file (type png)
<use pictures/back.png>
Package pdftex.def Info: pictures/back.png  used on input line 107.
(pdftex.def)             Requested size: 614.295pt x 1228.73918pt.
[41]
File: pictures/back.png Graphic file (type png)
<use pictures/back.png>
Package pdftex.def Info: pictures/back.png  used on input line 111.
(pdftex.def)             Requested size: 614.295pt x 1228.73918pt.
 [42]) (./inputs/cpt.tex
File: pictures/cat.jpg Graphic file (type jpg)
<use pictures/cat.jpg>
Package pdftex.def Info: pictures/cat.jpg  used on input line 41.
(pdftex.def)             Requested size: 14.22595pt x 14.22636pt.
File: pictures/back.png Graphic file (type png)
<use pictures/back.png>
Package pdftex.def Info: pictures/back.png  used on input line 65.
(pdftex.def)             Requested size: 614.295pt x 1228.73918pt.
 [43]
Overfull \hbox (26.3511pt too wide) in paragraph at lines 129--131
[]$[] [] \U/msa/m/n/12 6 \OML/cmm/m/it/12 C[]$\T2A/cmr/m/it/12 . 
 []

File: pictures/back.png Graphic file (type png)
<use pictures/back.png>
Package pdftex.def Info: pictures/back.png  used on input line 131.
(pdftex.def)             Requested size: 614.295pt x 1228.73918pt.
[44]
File: pictures/back.png Graphic file (type png)
<use pictures/back.png>
Package pdftex.def Info: pictures/back.png  used on input line 138.
(pdftex.def)             Requested size: 614.295pt x 1228.73918pt.
 [45])
File: pictures/back.png Graphic file (type png)
<use pictures/back.png>
Package pdftex.def Info: pictures/back.png  used on input line 37.
(pdftex.def)             Requested size: 614.295pt x 1228.73918pt.
 [46] (./TV&MS.aux) ) 
Here is how much of TeX's memory you used:
 27232 strings out of 492982
 666274 string characters out of 6136225
 822053 words of memory out of 5000000
 30187 multiletter control sequences out of 15000+600000
 26687 words of font info for 69 fonts, out of 8000000 for 9000
 1141 hyphenation exceptions out of 8191
 69i,21n,101p,1135b,2047s stack positions out of 5000i,500n,10000p,200000b,80000s
{c:/texlive/2017/texmf-dist/fonts/enc/dvips/cm-super/cm-su
per-t2a.enc} <c:/Users/Dima/.texlive2017/texmf-var/fonts/pk/ljfour/public/bbm/b
bm12.600pk><c:/texlive/2017/texmf-dist/fonts/type1/public/amsfonts/cm/cmex10.pf
b><c:/texlive/2017/texmf-dist/fonts/type1/public/amsfonts/cmextra/cmex8.pfb><c:
/texlive/2017/texmf-dist/fonts/type1/public/amsfonts/cm/cmmi12.pfb><c:/texlive/
2017/texmf-dist/fonts/type1/public/amsfonts/cm/cmmi6.pfb><c:/texlive/2017/texmf
-dist/fonts/type1/public/amsfonts/cm/cmmi8.pfb><c:/texlive/2017/texmf-dist/font
s/type1/public/amsfonts/cm/cmr10.pfb><c:/texlive/2017/texmf-dist/fonts/type1/pu
blic/amsfonts/cm/cmr12.pfb><c:/texlive/2017/texmf-dist/fonts/type1/public/amsfo
nts/cm/cmr6.pfb><c:/texlive/2017/texmf-dist/fonts/type1/public/amsfonts/cm/cmr8
.pfb><c:/texlive/2017/texmf-dist/fonts/type1/public/amsfonts/cm/cmsy10.pfb><c:/
texlive/2017/texmf-dist/fonts/type1/public/amsfonts/cm/cmsy6.pfb><c:/texlive/20
17/texmf-dist/fonts/type1/public/amsfonts/cm/cmsy8.pfb><c:/texlive/2017/texmf-d
ist/fonts/type1/public/amsfonts/latxfont/line10.pfb><c:/texlive/2017/texmf-dist
/fonts/type1/public/amsfonts/symbols/msam10.pfb><c:/texlive/2017/texmf-dist/fon
ts/type1/public/amsfonts/symbols/msbm10.pfb><c:/texlive/2017/texmf-dist/fonts/t
ype1/public/rsfs/rsfs10.pfb><c:/texlive/2017/texmf-dist/fonts/type1/public/cm-s
uper/sfbx1200.pfb><c:/texlive/2017/texmf-dist/fonts/type1/public/cm-super/sfbx1
440.pfb><c:/texlive/2017/texmf-dist/fonts/type1/public/cm-super/sfbx1728.pfb><c
:/texlive/2017/texmf-dist/fonts/type1/public/cm-super/sfbx2488.pfb><c:/texlive/
2017/texmf-dist/fonts/type1/public/cm-super/sfcc1095.pfb><c:/texlive/2017/texmf
-dist/fonts/type1/public/cm-super/sfcc2074.pfb><c:/texlive/2017/texmf-dist/font
s/type1/public/cm-super/sfrm0800.pfb><c:/texlive/2017/texmf-dist/fonts/type1/pu
blic/cm-super/sfrm1095.pfb><c:/texlive/2017/texmf-dist/fonts/type1/public/cm-su
per/sfrm1200.pfb><c:/texlive/2017/texmf-dist/fonts/type1/public/cm-super/sfrm14
40.pfb><c:/texlive/2017/texmf-dist/fonts/type1/public/cm-super/sfti0800.pfb><c:
/texlive/2017/texmf-dist/fonts/type1/public/cm-super/sfti1200.pfb><c:/texlive/2
017/texmf-dist/fonts/type1/public/cm-super/sfti1728.pfb>
Output written on TV&MS.pdf (47 pages, 918927 bytes).
PDF statistics:
 290 PDF objects out of 1000 (max. 8388607)
 202 compressed objects within 3 object streams
 0 named destinations out of 1000 (max. 500000)
 38 words of extra memory for PDF output out of 10000 (max. 10000000)

